<?xml version="1.0" encoding="UTF-8"?>
<testsuite name="org.springframework.core.env.PropertyPlaceholderConfigurerEnvironmentIntegrationTests" tests="1" skipped="0" failures="0" errors="0" timestamp="2021-07-21T09:06:00" hostname="DESKTOP-TKASV8M" time="0.009">
  <properties/>
  <testcase name="test()" classname="org.springframework.core.env.PropertyPlaceholderConfigurerEnvironmentIntegrationTests" time="0.009"/>
  <system-out><![CDATA[17:06:00.785 [Test worker] DEBUG o.s.c.s.GenericApplicationContext - Refreshing org.springframework.context.support.GenericApplicationContext@397c9ef0
17:06:00.785 [Test worker] DEBUG o.s.b.f.s.DefaultListableBeanFactory - Creating shared instance of singleton bean 'ppc'
17:06:00.792 [Test worker] DEBUG o.s.c.s.GenericApplicationContext - Closing org.springframework.context.support.GenericApplicationContext@397c9ef0, started on Wed Jul 21 17:06:00 CST 2021
]]></system-out>
  <system-err><![CDATA[]]></system-err>
</testsuite>
