<?xml version="1.0" encoding="UTF-8"?>
<testsuite name="org.springframework.context.annotation.scope.ClassPathBeanDefinitionScannerScopeIntegrationTests" tests="9" skipped="0" failures="0" errors="0" timestamp="2021-07-21T09:06:00" hostname="DESKTOP-TKASV8M" time="0.072">
  <properties/>
  <testcase name="sessionScopeWithNoProxy()" classname="org.springframework.context.annotation.scope.ClassPathBeanDefinitionScannerScopeIntegrationTests" time="0.008"/>
  <testcase name="requestScopeWithNoProxy()" classname="org.springframework.context.annotation.scope.ClassPathBeanDefinitionScannerScopeIntegrationTests" time="0.007"/>
  <testcase name="singletonScopeWithNoProxy()" classname="org.springframework.context.annotation.scope.ClassPathBeanDefinitionScannerScopeIntegrationTests" time="0.006"/>
  <testcase name="sessionScopeWithProxiedTargetClass()" classname="org.springframework.context.annotation.scope.ClassPathBeanDefinitionScannerScopeIntegrationTests" time="0.013"/>
  <testcase name="singletonScopeIgnoresProxyInterfaces()" classname="org.springframework.context.annotation.scope.ClassPathBeanDefinitionScannerScopeIntegrationTests" time="0.009"/>
  <testcase name="requestScopeWithProxiedTargetClass()" classname="org.springframework.context.annotation.scope.ClassPathBeanDefinitionScannerScopeIntegrationTests" time="0.009"/>
  <testcase name="singletonScopeIgnoresProxyTargetClass()" classname="org.springframework.context.annotation.scope.ClassPathBeanDefinitionScannerScopeIntegrationTests" time="0.006"/>
  <testcase name="requestScopeWithProxiedInterfaces()" classname="org.springframework.context.annotation.scope.ClassPathBeanDefinitionScannerScopeIntegrationTests" time="0.007"/>
  <testcase name="sessionScopeWithProxiedInterfaces()" classname="org.springframework.context.annotation.scope.ClassPathBeanDefinitionScannerScopeIntegrationTests" time="0.006"/>
  <system-out><![CDATA[17:06:00.509 [Test worker] DEBUG o.s.c.a.ClassPathBeanDefinitionScanner - Identified candidate component class: file [D:\jinpe\source\spring-framework\integration-tests\build\classes\java\test\org\springframework\context\annotation\scope\ClassPathBeanDefinitionScannerScopeIntegrationTests$RequestScopedTestBean.class]
17:06:00.510 [Test worker] DEBUG o.s.c.a.ClassPathBeanDefinitionScanner - Identified candidate component class: file [D:\jinpe\source\spring-framework\integration-tests\build\classes\java\test\org\springframework\context\annotation\scope\ClassPathBeanDefinitionScannerScopeIntegrationTests$SessionScopedTestBean.class]
17:06:00.510 [Test worker] DEBUG o.s.c.a.ClassPathBeanDefinitionScanner - Identified candidate component class: file [D:\jinpe\source\spring-framework\integration-tests\build\classes\java\test\org\springframework\context\annotation\scope\ClassPathBeanDefinitionScannerScopeIntegrationTests$SingletonScopedTestBean.class]
17:06:00.511 [Test worker] DEBUG o.s.c.a.ClassPathBeanDefinitionScanner - Identified candidate component class: file [D:\jinpe\source\spring-framework\integration-tests\build\classes\java\test\org\springframework\context\annotation\scope\ClassPathBeanDefinitionScannerScopeIntegrationTests$RequestScopedTestBean.class]
17:06:00.511 [Test worker] DEBUG o.s.c.a.ClassPathBeanDefinitionScanner - Identified candidate component class: file [D:\jinpe\source\spring-framework\integration-tests\build\classes\java\test\org\springframework\context\annotation\scope\ClassPathBeanDefinitionScannerScopeIntegrationTests$SessionScopedTestBean.class]
17:06:00.511 [Test worker] DEBUG o.s.c.a.ClassPathBeanDefinitionScanner - Identified candidate component class: file [D:\jinpe\source\spring-framework\integration-tests\build\classes\java\test\org\springframework\context\annotation\scope\ClassPathBeanDefinitionScannerScopeIntegrationTests$SingletonScopedTestBean.class]
17:06:00.512 [Test worker] DEBUG o.s.w.c.s.GenericWebApplicationContext - Refreshing org.springframework.web.context.support.GenericWebApplicationContext@495bc40e
17:06:00.512 [Test worker] DEBUG o.s.u.c.s.UiApplicationContextUtils - Unable to locate ThemeSource with name 'themeSource': using default [org.springframework.ui.context.support.ResourceBundleThemeSource@2723777]
17:06:00.513 [Test worker] DEBUG o.s.b.f.s.DefaultListableBeanFactory - Creating shared instance of singleton bean 'singleton'
17:06:00.516 [Test worker] DEBUG o.s.c.a.ClassPathBeanDefinitionScanner - Identified candidate component class: file [D:\jinpe\source\spring-framework\integration-tests\build\classes\java\test\org\springframework\context\annotation\scope\ClassPathBeanDefinitionScannerScopeIntegrationTests$RequestScopedTestBean.class]
17:06:00.517 [Test worker] DEBUG o.s.c.a.ClassPathBeanDefinitionScanner - Identified candidate component class: file [D:\jinpe\source\spring-framework\integration-tests\build\classes\java\test\org\springframework\context\annotation\scope\ClassPathBeanDefinitionScannerScopeIntegrationTests$SessionScopedTestBean.class]
17:06:00.517 [Test worker] DEBUG o.s.c.a.ClassPathBeanDefinitionScanner - Identified candidate component class: file [D:\jinpe\source\spring-framework\integration-tests\build\classes\java\test\org\springframework\context\annotation\scope\ClassPathBeanDefinitionScannerScopeIntegrationTests$SingletonScopedTestBean.class]
17:06:00.518 [Test worker] DEBUG o.s.c.a.ClassPathBeanDefinitionScanner - Identified candidate component class: file [D:\jinpe\source\spring-framework\integration-tests\build\classes\java\test\org\springframework\context\annotation\scope\ClassPathBeanDefinitionScannerScopeIntegrationTests$RequestScopedTestBean.class]
17:06:00.519 [Test worker] DEBUG o.s.c.a.ClassPathBeanDefinitionScanner - Identified candidate component class: file [D:\jinpe\source\spring-framework\integration-tests\build\classes\java\test\org\springframework\context\annotation\scope\ClassPathBeanDefinitionScannerScopeIntegrationTests$SessionScopedTestBean.class]
17:06:00.519 [Test worker] DEBUG o.s.c.a.ClassPathBeanDefinitionScanner - Identified candidate component class: file [D:\jinpe\source\spring-framework\integration-tests\build\classes\java\test\org\springframework\context\annotation\scope\ClassPathBeanDefinitionScannerScopeIntegrationTests$SingletonScopedTestBean.class]
17:06:00.519 [Test worker] DEBUG o.s.w.c.s.GenericWebApplicationContext - Refreshing org.springframework.web.context.support.GenericWebApplicationContext@7f9e0a6e
17:06:00.520 [Test worker] DEBUG o.s.u.c.s.UiApplicationContextUtils - Unable to locate ThemeSource with name 'themeSource': using default [org.springframework.ui.context.support.ResourceBundleThemeSource@d9d4ad2]
17:06:00.520 [Test worker] DEBUG o.s.b.f.s.DefaultListableBeanFactory - Creating shared instance of singleton bean 'singleton'
17:06:00.523 [Test worker] DEBUG o.s.c.a.ClassPathBeanDefinitionScanner - Identified candidate component class: file [D:\jinpe\source\spring-framework\integration-tests\build\classes\java\test\org\springframework\context\annotation\scope\ClassPathBeanDefinitionScannerScopeIntegrationTests$RequestScopedTestBean.class]
17:06:00.524 [Test worker] DEBUG o.s.c.a.ClassPathBeanDefinitionScanner - Identified candidate component class: file [D:\jinpe\source\spring-framework\integration-tests\build\classes\java\test\org\springframework\context\annotation\scope\ClassPathBeanDefinitionScannerScopeIntegrationTests$SessionScopedTestBean.class]
17:06:00.524 [Test worker] DEBUG o.s.c.a.ClassPathBeanDefinitionScanner - Identified candidate component class: file [D:\jinpe\source\spring-framework\integration-tests\build\classes\java\test\org\springframework\context\annotation\scope\ClassPathBeanDefinitionScannerScopeIntegrationTests$SingletonScopedTestBean.class]
17:06:00.526 [Test worker] DEBUG o.s.c.a.ClassPathBeanDefinitionScanner - Identified candidate component class: file [D:\jinpe\source\spring-framework\integration-tests\build\classes\java\test\org\springframework\context\annotation\scope\ClassPathBeanDefinitionScannerScopeIntegrationTests$RequestScopedTestBean.class]
17:06:00.526 [Test worker] DEBUG o.s.c.a.ClassPathBeanDefinitionScanner - Identified candidate component class: file [D:\jinpe\source\spring-framework\integration-tests\build\classes\java\test\org\springframework\context\annotation\scope\ClassPathBeanDefinitionScannerScopeIntegrationTests$SessionScopedTestBean.class]
17:06:00.526 [Test worker] DEBUG o.s.c.a.ClassPathBeanDefinitionScanner - Identified candidate component class: file [D:\jinpe\source\spring-framework\integration-tests\build\classes\java\test\org\springframework\context\annotation\scope\ClassPathBeanDefinitionScannerScopeIntegrationTests$SingletonScopedTestBean.class]
17:06:00.526 [Test worker] DEBUG o.s.w.c.s.GenericWebApplicationContext - Refreshing org.springframework.web.context.support.GenericWebApplicationContext@4afc022f
17:06:00.526 [Test worker] DEBUG o.s.u.c.s.UiApplicationContextUtils - Unable to locate ThemeSource with name 'themeSource': using default [org.springframework.ui.context.support.ResourceBundleThemeSource@ed53fdd]
17:06:00.526 [Test worker] DEBUG o.s.b.f.s.DefaultListableBeanFactory - Creating shared instance of singleton bean 'singleton'
17:06:00.531 [Test worker] DEBUG o.s.c.a.ClassPathBeanDefinitionScanner - Identified candidate component class: file [D:\jinpe\source\spring-framework\integration-tests\build\classes\java\test\org\springframework\context\annotation\scope\ClassPathBeanDefinitionScannerScopeIntegrationTests$RequestScopedTestBean.class]
17:06:00.532 [Test worker] DEBUG o.s.c.a.ClassPathBeanDefinitionScanner - Identified candidate component class: file [D:\jinpe\source\spring-framework\integration-tests\build\classes\java\test\org\springframework\context\annotation\scope\ClassPathBeanDefinitionScannerScopeIntegrationTests$SessionScopedTestBean.class]
17:06:00.532 [Test worker] DEBUG o.s.c.a.ClassPathBeanDefinitionScanner - Identified candidate component class: file [D:\jinpe\source\spring-framework\integration-tests\build\classes\java\test\org\springframework\context\annotation\scope\ClassPathBeanDefinitionScannerScopeIntegrationTests$SingletonScopedTestBean.class]
17:06:00.533 [Test worker] DEBUG o.s.c.a.ClassPathBeanDefinitionScanner - Identified candidate component class: file [D:\jinpe\source\spring-framework\integration-tests\build\classes\java\test\org\springframework\context\annotation\scope\ClassPathBeanDefinitionScannerScopeIntegrationTests$RequestScopedTestBean.class]
17:06:00.533 [Test worker] DEBUG o.s.c.a.ClassPathBeanDefinitionScanner - Identified candidate component class: file [D:\jinpe\source\spring-framework\integration-tests\build\classes\java\test\org\springframework\context\annotation\scope\ClassPathBeanDefinitionScannerScopeIntegrationTests$SessionScopedTestBean.class]
17:06:00.533 [Test worker] DEBUG o.s.c.a.ClassPathBeanDefinitionScanner - Identified candidate component class: file [D:\jinpe\source\spring-framework\integration-tests\build\classes\java\test\org\springframework\context\annotation\scope\ClassPathBeanDefinitionScannerScopeIntegrationTests$SingletonScopedTestBean.class]
17:06:00.533 [Test worker] DEBUG o.s.w.c.s.GenericWebApplicationContext - Refreshing org.springframework.web.context.support.GenericWebApplicationContext@7e0f8926
17:06:00.533 [Test worker] DEBUG o.s.u.c.s.UiApplicationContextUtils - Unable to locate ThemeSource with name 'themeSource': using default [org.springframework.ui.context.support.ResourceBundleThemeSource@2682831e]
17:06:00.533 [Test worker] DEBUG o.s.b.f.s.DefaultListableBeanFactory - Creating shared instance of singleton bean 'request'
17:06:00.536 [Test worker] DEBUG o.s.b.f.s.DefaultListableBeanFactory - Creating shared instance of singleton bean 'session'
17:06:00.538 [Test worker] DEBUG o.s.b.f.s.DefaultListableBeanFactory - Creating shared instance of singleton bean 'singleton'
17:06:00.543 [Test worker] DEBUG o.s.c.a.ClassPathBeanDefinitionScanner - Identified candidate component class: file [D:\jinpe\source\spring-framework\integration-tests\build\classes\java\test\org\springframework\context\annotation\scope\ClassPathBeanDefinitionScannerScopeIntegrationTests$RequestScopedTestBean.class]
17:06:00.543 [Test worker] DEBUG o.s.c.a.ClassPathBeanDefinitionScanner - Identified candidate component class: file [D:\jinpe\source\spring-framework\integration-tests\build\classes\java\test\org\springframework\context\annotation\scope\ClassPathBeanDefinitionScannerScopeIntegrationTests$SessionScopedTestBean.class]
17:06:00.544 [Test worker] DEBUG o.s.c.a.ClassPathBeanDefinitionScanner - Identified candidate component class: file [D:\jinpe\source\spring-framework\integration-tests\build\classes\java\test\org\springframework\context\annotation\scope\ClassPathBeanDefinitionScannerScopeIntegrationTests$SingletonScopedTestBean.class]
17:06:00.545 [Test worker] DEBUG o.s.c.a.ClassPathBeanDefinitionScanner - Identified candidate component class: file [D:\jinpe\source\spring-framework\integration-tests\build\classes\java\test\org\springframework\context\annotation\scope\ClassPathBeanDefinitionScannerScopeIntegrationTests$RequestScopedTestBean.class]
17:06:00.545 [Test worker] DEBUG o.s.c.a.ClassPathBeanDefinitionScanner - Identified candidate component class: file [D:\jinpe\source\spring-framework\integration-tests\build\classes\java\test\org\springframework\context\annotation\scope\ClassPathBeanDefinitionScannerScopeIntegrationTests$SessionScopedTestBean.class]
17:06:00.545 [Test worker] DEBUG o.s.c.a.ClassPathBeanDefinitionScanner - Identified candidate component class: file [D:\jinpe\source\spring-framework\integration-tests\build\classes\java\test\org\springframework\context\annotation\scope\ClassPathBeanDefinitionScannerScopeIntegrationTests$SingletonScopedTestBean.class]
17:06:00.545 [Test worker] DEBUG o.s.w.c.s.GenericWebApplicationContext - Refreshing org.springframework.web.context.support.GenericWebApplicationContext@c5acb90
17:06:00.545 [Test worker] DEBUG o.s.u.c.s.UiApplicationContextUtils - Unable to locate ThemeSource with name 'themeSource': using default [org.springframework.ui.context.support.ResourceBundleThemeSource@6395c60c]
17:06:00.545 [Test worker] DEBUG o.s.b.f.s.DefaultListableBeanFactory - Creating shared instance of singleton bean 'request'
17:06:00.549 [Test worker] DEBUG o.s.b.f.s.DefaultListableBeanFactory - Creating shared instance of singleton bean 'session'
17:06:00.549 [Test worker] DEBUG o.s.b.f.s.DefaultListableBeanFactory - Creating shared instance of singleton bean 'singleton'
17:06:00.552 [Test worker] DEBUG o.s.c.a.ClassPathBeanDefinitionScanner - Identified candidate component class: file [D:\jinpe\source\spring-framework\integration-tests\build\classes\java\test\org\springframework\context\annotation\scope\ClassPathBeanDefinitionScannerScopeIntegrationTests$RequestScopedTestBean.class]
17:06:00.553 [Test worker] DEBUG o.s.c.a.ClassPathBeanDefinitionScanner - Identified candidate component class: file [D:\jinpe\source\spring-framework\integration-tests\build\classes\java\test\org\springframework\context\annotation\scope\ClassPathBeanDefinitionScannerScopeIntegrationTests$SessionScopedTestBean.class]
17:06:00.553 [Test worker] DEBUG o.s.c.a.ClassPathBeanDefinitionScanner - Identified candidate component class: file [D:\jinpe\source\spring-framework\integration-tests\build\classes\java\test\org\springframework\context\annotation\scope\ClassPathBeanDefinitionScannerScopeIntegrationTests$SingletonScopedTestBean.class]
17:06:00.554 [Test worker] DEBUG o.s.c.a.ClassPathBeanDefinitionScanner - Identified candidate component class: file [D:\jinpe\source\spring-framework\integration-tests\build\classes\java\test\org\springframework\context\annotation\scope\ClassPathBeanDefinitionScannerScopeIntegrationTests$RequestScopedTestBean.class]
17:06:00.555 [Test worker] DEBUG o.s.c.a.ClassPathBeanDefinitionScanner - Identified candidate component class: file [D:\jinpe\source\spring-framework\integration-tests\build\classes\java\test\org\springframework\context\annotation\scope\ClassPathBeanDefinitionScannerScopeIntegrationTests$SessionScopedTestBean.class]
17:06:00.555 [Test worker] DEBUG o.s.c.a.ClassPathBeanDefinitionScanner - Identified candidate component class: file [D:\jinpe\source\spring-framework\integration-tests\build\classes\java\test\org\springframework\context\annotation\scope\ClassPathBeanDefinitionScannerScopeIntegrationTests$SingletonScopedTestBean.class]
17:06:00.555 [Test worker] DEBUG o.s.w.c.s.GenericWebApplicationContext - Refreshing org.springframework.web.context.support.GenericWebApplicationContext@4cbfa593
17:06:00.555 [Test worker] DEBUG o.s.u.c.s.UiApplicationContextUtils - Unable to locate ThemeSource with name 'themeSource': using default [org.springframework.ui.context.support.ResourceBundleThemeSource@7462706f]
17:06:00.555 [Test worker] DEBUG o.s.b.f.s.DefaultListableBeanFactory - Creating shared instance of singleton bean 'request'
17:06:00.556 [Test worker] DEBUG o.s.b.f.s.DefaultListableBeanFactory - Creating shared instance of singleton bean 'session'
17:06:00.556 [Test worker] DEBUG o.s.b.f.s.DefaultListableBeanFactory - Creating shared instance of singleton bean 'singleton'
17:06:00.561 [Test worker] DEBUG o.s.c.a.ClassPathBeanDefinitionScanner - Identified candidate component class: file [D:\jinpe\source\spring-framework\integration-tests\build\classes\java\test\org\springframework\context\annotation\scope\ClassPathBeanDefinitionScannerScopeIntegrationTests$RequestScopedTestBean.class]
17:06:00.561 [Test worker] DEBUG o.s.c.a.ClassPathBeanDefinitionScanner - Identified candidate component class: file [D:\jinpe\source\spring-framework\integration-tests\build\classes\java\test\org\springframework\context\annotation\scope\ClassPathBeanDefinitionScannerScopeIntegrationTests$SessionScopedTestBean.class]
17:06:00.561 [Test worker] DEBUG o.s.c.a.ClassPathBeanDefinitionScanner - Identified candidate component class: file [D:\jinpe\source\spring-framework\integration-tests\build\classes\java\test\org\springframework\context\annotation\scope\ClassPathBeanDefinitionScannerScopeIntegrationTests$SingletonScopedTestBean.class]
17:06:00.562 [Test worker] DEBUG o.s.c.a.ClassPathBeanDefinitionScanner - Identified candidate component class: file [D:\jinpe\source\spring-framework\integration-tests\build\classes\java\test\org\springframework\context\annotation\scope\ClassPathBeanDefinitionScannerScopeIntegrationTests$RequestScopedTestBean.class]
17:06:00.562 [Test worker] DEBUG o.s.c.a.ClassPathBeanDefinitionScanner - Identified candidate component class: file [D:\jinpe\source\spring-framework\integration-tests\build\classes\java\test\org\springframework\context\annotation\scope\ClassPathBeanDefinitionScannerScopeIntegrationTests$SessionScopedTestBean.class]
17:06:00.562 [Test worker] DEBUG o.s.c.a.ClassPathBeanDefinitionScanner - Identified candidate component class: file [D:\jinpe\source\spring-framework\integration-tests\build\classes\java\test\org\springframework\context\annotation\scope\ClassPathBeanDefinitionScannerScopeIntegrationTests$SingletonScopedTestBean.class]
17:06:00.563 [Test worker] DEBUG o.s.w.c.s.GenericWebApplicationContext - Refreshing org.springframework.web.context.support.GenericWebApplicationContext@4634d144
17:06:00.564 [Test worker] DEBUG o.s.u.c.s.UiApplicationContextUtils - Unable to locate ThemeSource with name 'themeSource': using default [org.springframework.ui.context.support.ResourceBundleThemeSource@1df4282f]
17:06:00.564 [Test worker] DEBUG o.s.b.f.s.DefaultListableBeanFactory - Creating shared instance of singleton bean 'request'
17:06:00.564 [Test worker] DEBUG o.s.b.f.s.DefaultListableBeanFactory - Creating shared instance of singleton bean 'session'
17:06:00.564 [Test worker] DEBUG o.s.b.f.s.DefaultListableBeanFactory - Creating shared instance of singleton bean 'singleton'
17:06:00.567 [Test worker] DEBUG o.s.c.a.ClassPathBeanDefinitionScanner - Identified candidate component class: file [D:\jinpe\source\spring-framework\integration-tests\build\classes\java\test\org\springframework\context\annotation\scope\ClassPathBeanDefinitionScannerScopeIntegrationTests$RequestScopedTestBean.class]
17:06:00.567 [Test worker] DEBUG o.s.c.a.ClassPathBeanDefinitionScanner - Identified candidate component class: file [D:\jinpe\source\spring-framework\integration-tests\build\classes\java\test\org\springframework\context\annotation\scope\ClassPathBeanDefinitionScannerScopeIntegrationTests$SessionScopedTestBean.class]
17:06:00.568 [Test worker] DEBUG o.s.c.a.ClassPathBeanDefinitionScanner - Identified candidate component class: file [D:\jinpe\source\spring-framework\integration-tests\build\classes\java\test\org\springframework\context\annotation\scope\ClassPathBeanDefinitionScannerScopeIntegrationTests$SingletonScopedTestBean.class]
17:06:00.569 [Test worker] DEBUG o.s.c.a.ClassPathBeanDefinitionScanner - Identified candidate component class: file [D:\jinpe\source\spring-framework\integration-tests\build\classes\java\test\org\springframework\context\annotation\scope\ClassPathBeanDefinitionScannerScopeIntegrationTests$RequestScopedTestBean.class]
17:06:00.569 [Test worker] DEBUG o.s.c.a.ClassPathBeanDefinitionScanner - Identified candidate component class: file [D:\jinpe\source\spring-framework\integration-tests\build\classes\java\test\org\springframework\context\annotation\scope\ClassPathBeanDefinitionScannerScopeIntegrationTests$SessionScopedTestBean.class]
17:06:00.569 [Test worker] DEBUG o.s.c.a.ClassPathBeanDefinitionScanner - Identified candidate component class: file [D:\jinpe\source\spring-framework\integration-tests\build\classes\java\test\org\springframework\context\annotation\scope\ClassPathBeanDefinitionScannerScopeIntegrationTests$SingletonScopedTestBean.class]
17:06:00.569 [Test worker] DEBUG o.s.w.c.s.GenericWebApplicationContext - Refreshing org.springframework.web.context.support.GenericWebApplicationContext@277af43d
17:06:00.570 [Test worker] DEBUG o.s.u.c.s.UiApplicationContextUtils - Unable to locate ThemeSource with name 'themeSource': using default [org.springframework.ui.context.support.ResourceBundleThemeSource@7b575580]
17:06:00.570 [Test worker] DEBUG o.s.b.f.s.DefaultListableBeanFactory - Creating shared instance of singleton bean 'request'
17:06:00.570 [Test worker] DEBUG o.s.b.f.s.DefaultListableBeanFactory - Creating shared instance of singleton bean 'session'
17:06:00.570 [Test worker] DEBUG o.s.b.f.s.DefaultListableBeanFactory - Creating shared instance of singleton bean 'singleton'
17:06:00.574 [Test worker] DEBUG o.s.c.a.ClassPathBeanDefinitionScanner - Identified candidate component class: file [D:\jinpe\source\spring-framework\integration-tests\build\classes\java\test\org\springframework\context\annotation\scope\ClassPathBeanDefinitionScannerScopeIntegrationTests$RequestScopedTestBean.class]
17:06:00.574 [Test worker] DEBUG o.s.c.a.ClassPathBeanDefinitionScanner - Identified candidate component class: file [D:\jinpe\source\spring-framework\integration-tests\build\classes\java\test\org\springframework\context\annotation\scope\ClassPathBeanDefinitionScannerScopeIntegrationTests$SessionScopedTestBean.class]
17:06:00.574 [Test worker] DEBUG o.s.c.a.ClassPathBeanDefinitionScanner - Identified candidate component class: file [D:\jinpe\source\spring-framework\integration-tests\build\classes\java\test\org\springframework\context\annotation\scope\ClassPathBeanDefinitionScannerScopeIntegrationTests$SingletonScopedTestBean.class]
17:06:00.575 [Test worker] DEBUG o.s.c.a.ClassPathBeanDefinitionScanner - Identified candidate component class: file [D:\jinpe\source\spring-framework\integration-tests\build\classes\java\test\org\springframework\context\annotation\scope\ClassPathBeanDefinitionScannerScopeIntegrationTests$RequestScopedTestBean.class]
17:06:00.575 [Test worker] DEBUG o.s.c.a.ClassPathBeanDefinitionScanner - Identified candidate component class: file [D:\jinpe\source\spring-framework\integration-tests\build\classes\java\test\org\springframework\context\annotation\scope\ClassPathBeanDefinitionScannerScopeIntegrationTests$SessionScopedTestBean.class]
17:06:00.575 [Test worker] DEBUG o.s.c.a.ClassPathBeanDefinitionScanner - Identified candidate component class: file [D:\jinpe\source\spring-framework\integration-tests\build\classes\java\test\org\springframework\context\annotation\scope\ClassPathBeanDefinitionScannerScopeIntegrationTests$SingletonScopedTestBean.class]
17:06:00.575 [Test worker] DEBUG o.s.w.c.s.GenericWebApplicationContext - Refreshing org.springframework.web.context.support.GenericWebApplicationContext@2e442950
17:06:00.576 [Test worker] DEBUG o.s.u.c.s.UiApplicationContextUtils - Unable to locate ThemeSource with name 'themeSource': using default [org.springframework.ui.context.support.ResourceBundleThemeSource@659e5217]
17:06:00.576 [Test worker] DEBUG o.s.b.f.s.DefaultListableBeanFactory - Creating shared instance of singleton bean 'request'
17:06:00.576 [Test worker] DEBUG o.s.b.f.s.DefaultListableBeanFactory - Creating shared instance of singleton bean 'session'
17:06:00.577 [Test worker] DEBUG o.s.b.f.s.DefaultListableBeanFactory - Creating shared instance of singleton bean 'singleton'
]]></system-out>
  <system-err><![CDATA[]]></system-err>
</testsuite>
