<?xml version="1.0" encoding="UTF-8"?>
<testsuite name="org.springframework.aop.config.AopNamespaceHandlerScopeIntegrationTests" tests="3" skipped="0" failures="0" errors="0" timestamp="2021-07-21T09:05:59" hostname="DESKTOP-TKASV8M" time="0.073">
  <properties/>
  <testcase name="testSessionScoping()" classname="org.springframework.aop.config.AopNamespaceHandlerScopeIntegrationTests" time="0.011"/>
  <testcase name="testRequestScoping()" classname="org.springframework.aop.config.AopNamespaceHandlerScopeIntegrationTests" time="0.018"/>
  <testcase name="testSingletonScoping()" classname="org.springframework.aop.config.AopNamespaceHandlerScopeIntegrationTests" time="0.04"/>
  <system-out><![CDATA[17:05:59.727 [Test worker] DEBUG o.s.t.c.BootstrapUtils - Instantiating CacheAwareContextLoaderDelegate from class [org.springframework.test.context.cache.DefaultCacheAwareContextLoaderDelegate]
17:05:59.727 [Test worker] DEBUG o.s.t.c.BootstrapUtils - Instantiating BootstrapContext using constructor [public org.springframework.test.context.support.DefaultBootstrapContext(java.lang.Class,org.springframework.test.context.CacheAwareContextLoaderDelegate)]
17:05:59.731 [Test worker] DEBUG o.s.t.c.BootstrapUtils - Instantiating TestContextBootstrapper for test class [org.springframework.aop.config.AopNamespaceHandlerScopeIntegrationTests] from class [org.springframework.test.context.web.WebTestContextBootstrapper]
17:05:59.733 [Test worker] DEBUG o.s.t.c.s.AbstractDelegatingSmartContextLoader - Delegating to GenericXmlWebContextLoader to process context configuration [ContextConfigurationAttributes@586b818 declaringClass = 'org.springframework.aop.config.AopNamespaceHandlerScopeIntegrationTests', classes = '{}', locations = '{}', inheritLocations = true, initializers = '{}', inheritInitializers = true, name = [null], contextLoaderClass = 'org.springframework.test.context.ContextLoader'].
17:05:59.734 [Test worker] INFO  o.s.t.c.s.AbstractContextLoader - Detected default resource location "classpath:org/springframework/aop/config/AopNamespaceHandlerScopeIntegrationTests-context.xml" for test class [org.springframework.aop.config.AopNamespaceHandlerScopeIntegrationTests]
17:05:59.734 [Test worker] INFO  o.s.t.c.s.AbstractDelegatingSmartContextLoader - GenericXmlWebContextLoader detected default locations for context configuration [ContextConfigurationAttributes@586b818 declaringClass = 'org.springframework.aop.config.AopNamespaceHandlerScopeIntegrationTests', classes = '{}', locations = '{classpath:org/springframework/aop/config/AopNamespaceHandlerScopeIntegrationTests-context.xml}', inheritLocations = true, initializers = '{}', inheritInitializers = true, name = [null], contextLoaderClass = 'org.springframework.test.context.ContextLoader'].
17:05:59.735 [Test worker] DEBUG o.s.t.c.s.AbstractDelegatingSmartContextLoader - Delegating to AnnotationConfigWebContextLoader to process context configuration [ContextConfigurationAttributes@586b818 declaringClass = 'org.springframework.aop.config.AopNamespaceHandlerScopeIntegrationTests', classes = '{}', locations = '{classpath:org/springframework/aop/config/AopNamespaceHandlerScopeIntegrationTests-context.xml}', inheritLocations = true, initializers = '{}', inheritInitializers = true, name = [null], contextLoaderClass = 'org.springframework.test.context.ContextLoader'].
17:05:59.735 [Test worker] INFO  o.s.t.c.s.AnnotationConfigContextLoaderUtils - Could not detect default configuration classes for test class [org.springframework.aop.config.AopNamespaceHandlerScopeIntegrationTests]: AopNamespaceHandlerScopeIntegrationTests does not declare any static, non-private, non-final, nested classes annotated with @Configuration.
17:05:59.736 [Test worker] DEBUG o.s.t.c.s.ActiveProfilesUtils - Could not find an 'annotation declaring class' for annotation type [org.springframework.test.context.ActiveProfiles] and class [org.springframework.aop.config.AopNamespaceHandlerScopeIntegrationTests]
17:05:59.736 [Test worker] DEBUG o.s.t.c.w.WebTestContextBootstrapper - @TestExecutionListeners is not present for class [org.springframework.aop.config.AopNamespaceHandlerScopeIntegrationTests]: using defaults.
17:05:59.737 [Test worker] INFO  o.s.t.c.w.WebTestContextBootstrapper - Loaded default TestExecutionListener class names from location [META-INF/spring.factories]: [org.springframework.test.context.web.ServletTestExecutionListener, org.springframework.test.context.support.DirtiesContextBeforeModesTestExecutionListener, org.springframework.test.context.event.ApplicationEventsTestExecutionListener, org.springframework.test.context.support.DependencyInjectionTestExecutionListener, org.springframework.test.context.support.DirtiesContextTestExecutionListener, org.springframework.test.context.transaction.TransactionalTestExecutionListener, org.springframework.test.context.jdbc.SqlScriptsTestExecutionListener, org.springframework.test.context.event.EventPublishingTestExecutionListener]
17:05:59.737 [Test worker] INFO  o.s.t.c.w.WebTestContextBootstrapper - Using TestExecutionListeners: [org.springframework.test.context.web.ServletTestExecutionListener@66770547, org.springframework.test.context.support.DirtiesContextBeforeModesTestExecutionListener@4c4b468a, org.springframework.test.context.event.ApplicationEventsTestExecutionListener@76ebc2de, org.springframework.test.context.support.DependencyInjectionTestExecutionListener@4d534527, org.springframework.test.context.support.DirtiesContextTestExecutionListener@13d03cf7, org.springframework.test.context.transaction.TransactionalTestExecutionListener@5395711, org.springframework.test.context.jdbc.SqlScriptsTestExecutionListener@2d6c885a, org.springframework.test.context.event.EventPublishingTestExecutionListener@7a418aad]
17:05:59.737 [Test worker] DEBUG o.s.t.c.s.AbstractDirtiesContextTestExecutionListener - Before test class: context [DefaultTestContext@68e43696 testClass = AopNamespaceHandlerScopeIntegrationTests, testInstance = [null], testMethod = [null], testException = [null], mergedContextConfiguration = [WebMergedContextConfiguration@272a7544 testClass = AopNamespaceHandlerScopeIntegrationTests, locations = '{classpath:org/springframework/aop/config/AopNamespaceHandlerScopeIntegrationTests-context.xml}', classes = '{}', contextInitializerClasses = '[]', activeProfiles = '{}', propertySourceLocations = '{}', propertySourceProperties = '{}', contextCustomizers = set[[empty]], resourceBasePath = 'src/main/webapp', contextLoader = 'org.springframework.test.context.web.WebDelegatingSmartContextLoader', parent = [null]], attributes = map[[empty]]], class annotated with @DirtiesContext [false] with mode [null].
17:05:59.738 [Test worker] DEBUG o.s.t.c.s.AbstractDelegatingSmartContextLoader - Delegating to GenericXmlWebContextLoader to load context from [WebMergedContextConfiguration@272a7544 testClass = AopNamespaceHandlerScopeIntegrationTests, locations = '{classpath:org/springframework/aop/config/AopNamespaceHandlerScopeIntegrationTests-context.xml}', classes = '{}', contextInitializerClasses = '[]', activeProfiles = '{}', propertySourceLocations = '{}', propertySourceProperties = '{}', contextCustomizers = set[[empty]], resourceBasePath = 'src/main/webapp', contextLoader = 'org.springframework.test.context.web.WebDelegatingSmartContextLoader', parent = [null]].
17:05:59.738 [Test worker] DEBUG o.s.t.c.w.AbstractGenericWebContextLoader - Loading WebApplicationContext for merged context configuration [WebMergedContextConfiguration@272a7544 testClass = AopNamespaceHandlerScopeIntegrationTests, locations = '{classpath:org/springframework/aop/config/AopNamespaceHandlerScopeIntegrationTests-context.xml}', classes = '{}', contextInitializerClasses = '[]', activeProfiles = '{}', propertySourceLocations = '{}', propertySourceProperties = '{}', contextCustomizers = set[[empty]], resourceBasePath = 'src/main/webapp', contextLoader = 'org.springframework.test.context.web.WebDelegatingSmartContextLoader', parent = [null]].
17:05:59.745 [Test worker] DEBUG o.s.w.c.s.StandardServletEnvironment - Activating profiles []
17:05:59.765 [Test worker] DEBUG o.s.b.f.x.XmlBeanDefinitionReader - Loaded 10 bean definitions from class path resource [org/springframework/aop/config/AopNamespaceHandlerScopeIntegrationTests-context.xml]
17:05:59.766 [Test worker] DEBUG o.s.w.c.s.GenericWebApplicationContext - Refreshing org.springframework.web.context.support.GenericWebApplicationContext@23b40d03
17:05:59.771 [Test worker] DEBUG o.s.b.f.s.DefaultListableBeanFactory - Creating shared instance of singleton bean 'org.springframework.context.annotation.internalConfigurationAnnotationProcessor'
17:05:59.774 [Test worker] DEBUG o.s.b.f.s.DefaultListableBeanFactory - Creating shared instance of singleton bean 'org.springframework.context.event.internalEventListenerProcessor'
17:05:59.774 [Test worker] DEBUG o.s.b.f.s.DefaultListableBeanFactory - Creating shared instance of singleton bean 'org.springframework.context.event.internalEventListenerFactory'
17:05:59.775 [Test worker] DEBUG o.s.b.f.s.DefaultListableBeanFactory - Creating shared instance of singleton bean 'org.springframework.context.annotation.internalAutowiredAnnotationProcessor'
17:05:59.775 [Test worker] DEBUG o.s.b.f.s.DefaultListableBeanFactory - Creating shared instance of singleton bean 'org.springframework.context.annotation.internalCommonAnnotationProcessor'
17:05:59.775 [Test worker] DEBUG o.s.b.f.s.DefaultListableBeanFactory - Creating shared instance of singleton bean 'org.springframework.context.annotation.internalPersistenceAnnotationProcessor'
17:05:59.775 [Test worker] DEBUG o.s.b.f.s.DefaultListableBeanFactory - Creating shared instance of singleton bean 'org.springframework.aop.config.internalAutoProxyCreator'
17:05:59.777 [Test worker] DEBUG o.s.u.c.s.UiApplicationContextUtils - Unable to locate ThemeSource with name 'themeSource': using default [org.springframework.ui.context.support.ResourceBundleThemeSource@56c241b6]
17:05:59.778 [Test worker] DEBUG o.s.b.f.s.DefaultListableBeanFactory - Creating shared instance of singleton bean 'org.springframework.aop.support.DefaultBeanFactoryPointcutAdvisor#0'
17:05:59.783 [Test worker] DEBUG o.s.b.f.s.DefaultListableBeanFactory - Creating shared instance of singleton bean 'advice'
17:05:59.784 [Test worker] DEBUG o.s.b.f.s.DefaultListableBeanFactory - Creating shared instance of singleton bean 'testBean'
17:05:59.796 [Test worker] DEBUG o.s.b.f.s.DefaultListableBeanFactory - Creating shared instance of singleton bean 'scopedTarget.singletonScoped'
17:05:59.829 [Test worker] DEBUG o.s.b.f.s.DefaultListableBeanFactory - Creating shared instance of singleton bean 'singletonScoped'
17:05:59.845 [Test worker] DEBUG o.s.b.f.s.DefaultListableBeanFactory - Creating shared instance of singleton bean 'requestScoped'
17:05:59.854 [Test worker] DEBUG o.s.b.f.s.DefaultListableBeanFactory - Creating shared instance of singleton bean 'sessionScoped'
17:05:59.857 [Test worker] DEBUG o.s.t.c.c.DefaultCacheAwareContextLoaderDelegate - Storing ApplicationContext [599002371] in cache under key [[WebMergedContextConfiguration@272a7544 testClass = AopNamespaceHandlerScopeIntegrationTests, locations = '{classpath:org/springframework/aop/config/AopNamespaceHandlerScopeIntegrationTests-context.xml}', classes = '{}', contextInitializerClasses = '[]', activeProfiles = '{}', propertySourceLocations = '{}', propertySourceProperties = '{}', contextCustomizers = set[[empty]], resourceBasePath = 'src/main/webapp', contextLoader = 'org.springframework.test.context.web.WebDelegatingSmartContextLoader', parent = [null]]]
17:05:59.857 [Test worker] DEBUG o.s.t.c.cache - Spring test ApplicationContext cache statistics: [DefaultContextCache@1a67c8f8 size = 1, maxSize = 32, parentContextCount = 0, hitCount = 16, missCount = 3]
17:05:59.857 [Test worker] DEBUG o.s.t.c.w.ServletTestExecutionListener - Setting up MockHttpServletRequest, MockHttpServletResponse, ServletWebRequest, and RequestContextHolder for test context [DefaultTestContext@68e43696 testClass = AopNamespaceHandlerScopeIntegrationTests, testInstance = org.springframework.aop.config.AopNamespaceHandlerScopeIntegrationTests@5804b3f4, testMethod = [null], testException = [null], mergedContextConfiguration = [WebMergedContextConfiguration@272a7544 testClass = AopNamespaceHandlerScopeIntegrationTests, locations = '{classpath:org/springframework/aop/config/AopNamespaceHandlerScopeIntegrationTests-context.xml}', classes = '{}', contextInitializerClasses = '[]', activeProfiles = '{}', propertySourceLocations = '{}', propertySourceProperties = '{}', contextCustomizers = set[[empty]], resourceBasePath = 'src/main/webapp', contextLoader = 'org.springframework.test.context.web.WebDelegatingSmartContextLoader', parent = [null]], attributes = map[[empty]]].
17:05:59.867 [Test worker] DEBUG o.s.t.c.s.DependencyInjectionTestExecutionListener - Performing dependency injection for test context [[DefaultTestContext@68e43696 testClass = AopNamespaceHandlerScopeIntegrationTests, testInstance = org.springframework.aop.config.AopNamespaceHandlerScopeIntegrationTests@5804b3f4, testMethod = [null], testException = [null], mergedContextConfiguration = [WebMergedContextConfiguration@272a7544 testClass = AopNamespaceHandlerScopeIntegrationTests, locations = '{classpath:org/springframework/aop/config/AopNamespaceHandlerScopeIntegrationTests-context.xml}', classes = '{}', contextInitializerClasses = '[]', activeProfiles = '{}', propertySourceLocations = '{}', propertySourceProperties = '{}', contextCustomizers = set[[empty]], resourceBasePath = 'src/main/webapp', contextLoader = 'org.springframework.test.context.web.WebDelegatingSmartContextLoader', parent = [null]], attributes = map['org.springframework.test.context.web.ServletTestExecutionListener.populatedRequestContextHolder' -> true, 'org.springframework.test.context.web.ServletTestExecutionListener.resetRequestContextHolder' -> true, 'org.springframework.test.context.event.ApplicationEventsTestExecutionListener.recordApplicationEvents' -> false]]].
17:05:59.867 [Test worker] DEBUG o.s.t.c.c.DefaultCacheAwareContextLoaderDelegate - Retrieved ApplicationContext [599002371] from cache with key [[WebMergedContextConfiguration@272a7544 testClass = AopNamespaceHandlerScopeIntegrationTests, locations = '{classpath:org/springframework/aop/config/AopNamespaceHandlerScopeIntegrationTests-context.xml}', classes = '{}', contextInitializerClasses = '[]', activeProfiles = '{}', propertySourceLocations = '{}', propertySourceProperties = '{}', contextCustomizers = set[[empty]], resourceBasePath = 'src/main/webapp', contextLoader = 'org.springframework.test.context.web.WebDelegatingSmartContextLoader', parent = [null]]]
17:05:59.867 [Test worker] DEBUG o.s.t.c.cache - Spring test ApplicationContext cache statistics: [DefaultContextCache@1a67c8f8 size = 1, maxSize = 32, parentContextCount = 0, hitCount = 17, missCount = 3]
17:05:59.872 [Test worker] DEBUG o.s.t.c.c.DefaultCacheAwareContextLoaderDelegate - Retrieved ApplicationContext [599002371] from cache with key [[WebMergedContextConfiguration@272a7544 testClass = AopNamespaceHandlerScopeIntegrationTests, locations = '{classpath:org/springframework/aop/config/AopNamespaceHandlerScopeIntegrationTests-context.xml}', classes = '{}', contextInitializerClasses = '[]', activeProfiles = '{}', propertySourceLocations = '{}', propertySourceProperties = '{}', contextCustomizers = set[[empty]], resourceBasePath = 'src/main/webapp', contextLoader = 'org.springframework.test.context.web.WebDelegatingSmartContextLoader', parent = [null]]]
17:05:59.872 [Test worker] DEBUG o.s.t.c.cache - Spring test ApplicationContext cache statistics: [DefaultContextCache@1a67c8f8 size = 1, maxSize = 32, parentContextCount = 0, hitCount = 18, missCount = 3]
17:05:59.873 [Test worker] DEBUG o.s.t.c.s.AbstractDirtiesContextTestExecutionListener - Before test method: context [DefaultTestContext@68e43696 testClass = AopNamespaceHandlerScopeIntegrationTests, testInstance = org.springframework.aop.config.AopNamespaceHandlerScopeIntegrationTests@5804b3f4, testMethod = testSessionScoping@AopNamespaceHandlerScopeIntegrationTests, testException = [null], mergedContextConfiguration = [WebMergedContextConfiguration@272a7544 testClass = AopNamespaceHandlerScopeIntegrationTests, locations = '{classpath:org/springframework/aop/config/AopNamespaceHandlerScopeIntegrationTests-context.xml}', classes = '{}', contextInitializerClasses = '[]', activeProfiles = '{}', propertySourceLocations = '{}', propertySourceProperties = '{}', contextCustomizers = set[[empty]], resourceBasePath = 'src/main/webapp', contextLoader = 'org.springframework.test.context.web.WebDelegatingSmartContextLoader', parent = [null]], attributes = map['org.springframework.test.context.web.ServletTestExecutionListener.populatedRequestContextHolder' -> true, 'org.springframework.test.context.web.ServletTestExecutionListener.resetRequestContextHolder' -> true, 'org.springframework.test.context.event.ApplicationEventsTestExecutionListener.recordApplicationEvents' -> false]], class annotated with @DirtiesContext [false] with mode [null], method annotated with @DirtiesContext [false] with mode [null].
17:05:59.874 [Test worker] DEBUG o.s.t.c.c.DefaultCacheAwareContextLoaderDelegate - Retrieved ApplicationContext [599002371] from cache with key [[WebMergedContextConfiguration@272a7544 testClass = AopNamespaceHandlerScopeIntegrationTests, locations = '{classpath:org/springframework/aop/config/AopNamespaceHandlerScopeIntegrationTests-context.xml}', classes = '{}', contextInitializerClasses = '[]', activeProfiles = '{}', propertySourceLocations = '{}', propertySourceProperties = '{}', contextCustomizers = set[[empty]], resourceBasePath = 'src/main/webapp', contextLoader = 'org.springframework.test.context.web.WebDelegatingSmartContextLoader', parent = [null]]]
17:05:59.874 [Test worker] DEBUG o.s.t.c.cache - Spring test ApplicationContext cache statistics: [DefaultContextCache@1a67c8f8 size = 1, maxSize = 32, parentContextCount = 0, hitCount = 19, missCount = 3]
17:05:59.874 [Test worker] DEBUG o.s.t.c.c.DefaultCacheAwareContextLoaderDelegate - Retrieved ApplicationContext [599002371] from cache with key [[WebMergedContextConfiguration@272a7544 testClass = AopNamespaceHandlerScopeIntegrationTests, locations = '{classpath:org/springframework/aop/config/AopNamespaceHandlerScopeIntegrationTests-context.xml}', classes = '{}', contextInitializerClasses = '[]', activeProfiles = '{}', propertySourceLocations = '{}', propertySourceProperties = '{}', contextCustomizers = set[[empty]], resourceBasePath = 'src/main/webapp', contextLoader = 'org.springframework.test.context.web.WebDelegatingSmartContextLoader', parent = [null]]]
17:05:59.874 [Test worker] DEBUG o.s.t.c.cache - Spring test ApplicationContext cache statistics: [DefaultContextCache@1a67c8f8 size = 1, maxSize = 32, parentContextCount = 0, hitCount = 20, missCount = 3]
17:05:59.883 [Test worker] DEBUG o.s.t.c.c.DefaultCacheAwareContextLoaderDelegate - Retrieved ApplicationContext [599002371] from cache with key [[WebMergedContextConfiguration@272a7544 testClass = AopNamespaceHandlerScopeIntegrationTests, locations = '{classpath:org/springframework/aop/config/AopNamespaceHandlerScopeIntegrationTests-context.xml}', classes = '{}', contextInitializerClasses = '[]', activeProfiles = '{}', propertySourceLocations = '{}', propertySourceProperties = '{}', contextCustomizers = set[[empty]], resourceBasePath = 'src/main/webapp', contextLoader = 'org.springframework.test.context.web.WebDelegatingSmartContextLoader', parent = [null]]]
17:05:59.883 [Test worker] DEBUG o.s.t.c.cache - Spring test ApplicationContext cache statistics: [DefaultContextCache@1a67c8f8 size = 1, maxSize = 32, parentContextCount = 0, hitCount = 21, missCount = 3]
17:05:59.883 [Test worker] DEBUG o.s.t.c.c.DefaultCacheAwareContextLoaderDelegate - Retrieved ApplicationContext [599002371] from cache with key [[WebMergedContextConfiguration@272a7544 testClass = AopNamespaceHandlerScopeIntegrationTests, locations = '{classpath:org/springframework/aop/config/AopNamespaceHandlerScopeIntegrationTests-context.xml}', classes = '{}', contextInitializerClasses = '[]', activeProfiles = '{}', propertySourceLocations = '{}', propertySourceProperties = '{}', contextCustomizers = set[[empty]], resourceBasePath = 'src/main/webapp', contextLoader = 'org.springframework.test.context.web.WebDelegatingSmartContextLoader', parent = [null]]]
17:05:59.883 [Test worker] DEBUG o.s.t.c.cache - Spring test ApplicationContext cache statistics: [DefaultContextCache@1a67c8f8 size = 1, maxSize = 32, parentContextCount = 0, hitCount = 22, missCount = 3]
17:05:59.884 [Test worker] DEBUG o.s.t.c.s.AbstractDirtiesContextTestExecutionListener - After test method: context [DefaultTestContext@68e43696 testClass = AopNamespaceHandlerScopeIntegrationTests, testInstance = org.springframework.aop.config.AopNamespaceHandlerScopeIntegrationTests@5804b3f4, testMethod = testSessionScoping@AopNamespaceHandlerScopeIntegrationTests, testException = [null], mergedContextConfiguration = [WebMergedContextConfiguration@272a7544 testClass = AopNamespaceHandlerScopeIntegrationTests, locations = '{classpath:org/springframework/aop/config/AopNamespaceHandlerScopeIntegrationTests-context.xml}', classes = '{}', contextInitializerClasses = '[]', activeProfiles = '{}', propertySourceLocations = '{}', propertySourceProperties = '{}', contextCustomizers = set[[empty]], resourceBasePath = 'src/main/webapp', contextLoader = 'org.springframework.test.context.web.WebDelegatingSmartContextLoader', parent = [null]], attributes = map['org.springframework.test.context.web.ServletTestExecutionListener.populatedRequestContextHolder' -> true, 'org.springframework.test.context.web.ServletTestExecutionListener.resetRequestContextHolder' -> true, 'org.springframework.test.context.event.ApplicationEventsTestExecutionListener.recordApplicationEvents' -> false]], class annotated with @DirtiesContext [false] with mode [null], method annotated with @DirtiesContext [false] with mode [null].
17:05:59.884 [Test worker] DEBUG o.s.t.c.w.ServletTestExecutionListener - Resetting RequestContextHolder for test context [DefaultTestContext@68e43696 testClass = AopNamespaceHandlerScopeIntegrationTests, testInstance = org.springframework.aop.config.AopNamespaceHandlerScopeIntegrationTests@5804b3f4, testMethod = testSessionScoping@AopNamespaceHandlerScopeIntegrationTests, testException = [null], mergedContextConfiguration = [WebMergedContextConfiguration@272a7544 testClass = AopNamespaceHandlerScopeIntegrationTests, locations = '{classpath:org/springframework/aop/config/AopNamespaceHandlerScopeIntegrationTests-context.xml}', classes = '{}', contextInitializerClasses = '[]', activeProfiles = '{}', propertySourceLocations = '{}', propertySourceProperties = '{}', contextCustomizers = set[[empty]], resourceBasePath = 'src/main/webapp', contextLoader = 'org.springframework.test.context.web.WebDelegatingSmartContextLoader', parent = [null]], attributes = map['org.springframework.test.context.web.ServletTestExecutionListener.populatedRequestContextHolder' -> true, 'org.springframework.test.context.web.ServletTestExecutionListener.resetRequestContextHolder' -> true, 'org.springframework.test.context.event.ApplicationEventsTestExecutionListener.recordApplicationEvents' -> false]].
17:05:59.884 [Test worker] DEBUG o.s.t.c.c.DefaultCacheAwareContextLoaderDelegate - Retrieved ApplicationContext [599002371] from cache with key [[WebMergedContextConfiguration@272a7544 testClass = AopNamespaceHandlerScopeIntegrationTests, locations = '{classpath:org/springframework/aop/config/AopNamespaceHandlerScopeIntegrationTests-context.xml}', classes = '{}', contextInitializerClasses = '[]', activeProfiles = '{}', propertySourceLocations = '{}', propertySourceProperties = '{}', contextCustomizers = set[[empty]], resourceBasePath = 'src/main/webapp', contextLoader = 'org.springframework.test.context.web.WebDelegatingSmartContextLoader', parent = [null]]]
17:05:59.884 [Test worker] DEBUG o.s.t.c.cache - Spring test ApplicationContext cache statistics: [DefaultContextCache@1a67c8f8 size = 1, maxSize = 32, parentContextCount = 0, hitCount = 23, missCount = 3]
17:05:59.884 [Test worker] DEBUG o.s.t.c.w.ServletTestExecutionListener - Setting up MockHttpServletRequest, MockHttpServletResponse, ServletWebRequest, and RequestContextHolder for test context [DefaultTestContext@68e43696 testClass = AopNamespaceHandlerScopeIntegrationTests, testInstance = org.springframework.aop.config.AopNamespaceHandlerScopeIntegrationTests@758a2bca, testMethod = [null], testException = [null], mergedContextConfiguration = [WebMergedContextConfiguration@272a7544 testClass = AopNamespaceHandlerScopeIntegrationTests, locations = '{classpath:org/springframework/aop/config/AopNamespaceHandlerScopeIntegrationTests-context.xml}', classes = '{}', contextInitializerClasses = '[]', activeProfiles = '{}', propertySourceLocations = '{}', propertySourceProperties = '{}', contextCustomizers = set[[empty]], resourceBasePath = 'src/main/webapp', contextLoader = 'org.springframework.test.context.web.WebDelegatingSmartContextLoader', parent = [null]], attributes = map['org.springframework.test.context.event.ApplicationEventsTestExecutionListener.recordApplicationEvents' -> false, 'org.springframework.test.context.support.DependencyInjectionTestExecutionListener.reinjectDependencies' -> true]].
17:05:59.884 [Test worker] DEBUG o.s.t.c.s.DependencyInjectionTestExecutionListener - Performing dependency injection for test context [[DefaultTestContext@68e43696 testClass = AopNamespaceHandlerScopeIntegrationTests, testInstance = org.springframework.aop.config.AopNamespaceHandlerScopeIntegrationTests@758a2bca, testMethod = [null], testException = [null], mergedContextConfiguration = [WebMergedContextConfiguration@272a7544 testClass = AopNamespaceHandlerScopeIntegrationTests, locations = '{classpath:org/springframework/aop/config/AopNamespaceHandlerScopeIntegrationTests-context.xml}', classes = '{}', contextInitializerClasses = '[]', activeProfiles = '{}', propertySourceLocations = '{}', propertySourceProperties = '{}', contextCustomizers = set[[empty]], resourceBasePath = 'src/main/webapp', contextLoader = 'org.springframework.test.context.web.WebDelegatingSmartContextLoader', parent = [null]], attributes = map['org.springframework.test.context.web.ServletTestExecutionListener.populatedRequestContextHolder' -> true, 'org.springframework.test.context.web.ServletTestExecutionListener.resetRequestContextHolder' -> true, 'org.springframework.test.context.event.ApplicationEventsTestExecutionListener.recordApplicationEvents' -> false, 'org.springframework.test.context.support.DependencyInjectionTestExecutionListener.reinjectDependencies' -> true]]].
17:05:59.885 [Test worker] DEBUG o.s.t.c.c.DefaultCacheAwareContextLoaderDelegate - Retrieved ApplicationContext [599002371] from cache with key [[WebMergedContextConfiguration@272a7544 testClass = AopNamespaceHandlerScopeIntegrationTests, locations = '{classpath:org/springframework/aop/config/AopNamespaceHandlerScopeIntegrationTests-context.xml}', classes = '{}', contextInitializerClasses = '[]', activeProfiles = '{}', propertySourceLocations = '{}', propertySourceProperties = '{}', contextCustomizers = set[[empty]], resourceBasePath = 'src/main/webapp', contextLoader = 'org.springframework.test.context.web.WebDelegatingSmartContextLoader', parent = [null]]]
17:05:59.885 [Test worker] DEBUG o.s.t.c.cache - Spring test ApplicationContext cache statistics: [DefaultContextCache@1a67c8f8 size = 1, maxSize = 32, parentContextCount = 0, hitCount = 24, missCount = 3]
17:05:59.885 [Test worker] DEBUG o.s.t.c.c.DefaultCacheAwareContextLoaderDelegate - Retrieved ApplicationContext [599002371] from cache with key [[WebMergedContextConfiguration@272a7544 testClass = AopNamespaceHandlerScopeIntegrationTests, locations = '{classpath:org/springframework/aop/config/AopNamespaceHandlerScopeIntegrationTests-context.xml}', classes = '{}', contextInitializerClasses = '[]', activeProfiles = '{}', propertySourceLocations = '{}', propertySourceProperties = '{}', contextCustomizers = set[[empty]], resourceBasePath = 'src/main/webapp', contextLoader = 'org.springframework.test.context.web.WebDelegatingSmartContextLoader', parent = [null]]]
17:05:59.885 [Test worker] DEBUG o.s.t.c.cache - Spring test ApplicationContext cache statistics: [DefaultContextCache@1a67c8f8 size = 1, maxSize = 32, parentContextCount = 0, hitCount = 25, missCount = 3]
17:05:59.886 [Test worker] DEBUG o.s.t.c.s.AbstractDirtiesContextTestExecutionListener - Before test method: context [DefaultTestContext@68e43696 testClass = AopNamespaceHandlerScopeIntegrationTests, testInstance = org.springframework.aop.config.AopNamespaceHandlerScopeIntegrationTests@758a2bca, testMethod = testRequestScoping@AopNamespaceHandlerScopeIntegrationTests, testException = [null], mergedContextConfiguration = [WebMergedContextConfiguration@272a7544 testClass = AopNamespaceHandlerScopeIntegrationTests, locations = '{classpath:org/springframework/aop/config/AopNamespaceHandlerScopeIntegrationTests-context.xml}', classes = '{}', contextInitializerClasses = '[]', activeProfiles = '{}', propertySourceLocations = '{}', propertySourceProperties = '{}', contextCustomizers = set[[empty]], resourceBasePath = 'src/main/webapp', contextLoader = 'org.springframework.test.context.web.WebDelegatingSmartContextLoader', parent = [null]], attributes = map['org.springframework.test.context.web.ServletTestExecutionListener.populatedRequestContextHolder' -> true, 'org.springframework.test.context.web.ServletTestExecutionListener.resetRequestContextHolder' -> true, 'org.springframework.test.context.event.ApplicationEventsTestExecutionListener.recordApplicationEvents' -> false]], class annotated with @DirtiesContext [false] with mode [null], method annotated with @DirtiesContext [false] with mode [null].
17:05:59.886 [Test worker] DEBUG o.s.t.c.c.DefaultCacheAwareContextLoaderDelegate - Retrieved ApplicationContext [599002371] from cache with key [[WebMergedContextConfiguration@272a7544 testClass = AopNamespaceHandlerScopeIntegrationTests, locations = '{classpath:org/springframework/aop/config/AopNamespaceHandlerScopeIntegrationTests-context.xml}', classes = '{}', contextInitializerClasses = '[]', activeProfiles = '{}', propertySourceLocations = '{}', propertySourceProperties = '{}', contextCustomizers = set[[empty]], resourceBasePath = 'src/main/webapp', contextLoader = 'org.springframework.test.context.web.WebDelegatingSmartContextLoader', parent = [null]]]
17:05:59.886 [Test worker] DEBUG o.s.t.c.cache - Spring test ApplicationContext cache statistics: [DefaultContextCache@1a67c8f8 size = 1, maxSize = 32, parentContextCount = 0, hitCount = 26, missCount = 3]
17:05:59.886 [Test worker] DEBUG o.s.t.c.c.DefaultCacheAwareContextLoaderDelegate - Retrieved ApplicationContext [599002371] from cache with key [[WebMergedContextConfiguration@272a7544 testClass = AopNamespaceHandlerScopeIntegrationTests, locations = '{classpath:org/springframework/aop/config/AopNamespaceHandlerScopeIntegrationTests-context.xml}', classes = '{}', contextInitializerClasses = '[]', activeProfiles = '{}', propertySourceLocations = '{}', propertySourceProperties = '{}', contextCustomizers = set[[empty]], resourceBasePath = 'src/main/webapp', contextLoader = 'org.springframework.test.context.web.WebDelegatingSmartContextLoader', parent = [null]]]
17:05:59.886 [Test worker] DEBUG o.s.t.c.cache - Spring test ApplicationContext cache statistics: [DefaultContextCache@1a67c8f8 size = 1, maxSize = 32, parentContextCount = 0, hitCount = 27, missCount = 3]
17:05:59.902 [Test worker] DEBUG o.s.t.c.c.DefaultCacheAwareContextLoaderDelegate - Retrieved ApplicationContext [599002371] from cache with key [[WebMergedContextConfiguration@272a7544 testClass = AopNamespaceHandlerScopeIntegrationTests, locations = '{classpath:org/springframework/aop/config/AopNamespaceHandlerScopeIntegrationTests-context.xml}', classes = '{}', contextInitializerClasses = '[]', activeProfiles = '{}', propertySourceLocations = '{}', propertySourceProperties = '{}', contextCustomizers = set[[empty]], resourceBasePath = 'src/main/webapp', contextLoader = 'org.springframework.test.context.web.WebDelegatingSmartContextLoader', parent = [null]]]
17:05:59.902 [Test worker] DEBUG o.s.t.c.cache - Spring test ApplicationContext cache statistics: [DefaultContextCache@1a67c8f8 size = 1, maxSize = 32, parentContextCount = 0, hitCount = 28, missCount = 3]
17:05:59.903 [Test worker] DEBUG o.s.t.c.c.DefaultCacheAwareContextLoaderDelegate - Retrieved ApplicationContext [599002371] from cache with key [[WebMergedContextConfiguration@272a7544 testClass = AopNamespaceHandlerScopeIntegrationTests, locations = '{classpath:org/springframework/aop/config/AopNamespaceHandlerScopeIntegrationTests-context.xml}', classes = '{}', contextInitializerClasses = '[]', activeProfiles = '{}', propertySourceLocations = '{}', propertySourceProperties = '{}', contextCustomizers = set[[empty]], resourceBasePath = 'src/main/webapp', contextLoader = 'org.springframework.test.context.web.WebDelegatingSmartContextLoader', parent = [null]]]
17:05:59.903 [Test worker] DEBUG o.s.t.c.cache - Spring test ApplicationContext cache statistics: [DefaultContextCache@1a67c8f8 size = 1, maxSize = 32, parentContextCount = 0, hitCount = 29, missCount = 3]
17:05:59.903 [Test worker] DEBUG o.s.t.c.s.AbstractDirtiesContextTestExecutionListener - After test method: context [DefaultTestContext@68e43696 testClass = AopNamespaceHandlerScopeIntegrationTests, testInstance = org.springframework.aop.config.AopNamespaceHandlerScopeIntegrationTests@758a2bca, testMethod = testRequestScoping@AopNamespaceHandlerScopeIntegrationTests, testException = [null], mergedContextConfiguration = [WebMergedContextConfiguration@272a7544 testClass = AopNamespaceHandlerScopeIntegrationTests, locations = '{classpath:org/springframework/aop/config/AopNamespaceHandlerScopeIntegrationTests-context.xml}', classes = '{}', contextInitializerClasses = '[]', activeProfiles = '{}', propertySourceLocations = '{}', propertySourceProperties = '{}', contextCustomizers = set[[empty]], resourceBasePath = 'src/main/webapp', contextLoader = 'org.springframework.test.context.web.WebDelegatingSmartContextLoader', parent = [null]], attributes = map['org.springframework.test.context.web.ServletTestExecutionListener.populatedRequestContextHolder' -> true, 'org.springframework.test.context.web.ServletTestExecutionListener.resetRequestContextHolder' -> true, 'org.springframework.test.context.event.ApplicationEventsTestExecutionListener.recordApplicationEvents' -> false]], class annotated with @DirtiesContext [false] with mode [null], method annotated with @DirtiesContext [false] with mode [null].
17:05:59.903 [Test worker] DEBUG o.s.t.c.w.ServletTestExecutionListener - Resetting RequestContextHolder for test context [DefaultTestContext@68e43696 testClass = AopNamespaceHandlerScopeIntegrationTests, testInstance = org.springframework.aop.config.AopNamespaceHandlerScopeIntegrationTests@758a2bca, testMethod = testRequestScoping@AopNamespaceHandlerScopeIntegrationTests, testException = [null], mergedContextConfiguration = [WebMergedContextConfiguration@272a7544 testClass = AopNamespaceHandlerScopeIntegrationTests, locations = '{classpath:org/springframework/aop/config/AopNamespaceHandlerScopeIntegrationTests-context.xml}', classes = '{}', contextInitializerClasses = '[]', activeProfiles = '{}', propertySourceLocations = '{}', propertySourceProperties = '{}', contextCustomizers = set[[empty]], resourceBasePath = 'src/main/webapp', contextLoader = 'org.springframework.test.context.web.WebDelegatingSmartContextLoader', parent = [null]], attributes = map['org.springframework.test.context.web.ServletTestExecutionListener.populatedRequestContextHolder' -> true, 'org.springframework.test.context.web.ServletTestExecutionListener.resetRequestContextHolder' -> true, 'org.springframework.test.context.event.ApplicationEventsTestExecutionListener.recordApplicationEvents' -> false]].
17:05:59.904 [Test worker] DEBUG o.s.t.c.c.DefaultCacheAwareContextLoaderDelegate - Retrieved ApplicationContext [599002371] from cache with key [[WebMergedContextConfiguration@272a7544 testClass = AopNamespaceHandlerScopeIntegrationTests, locations = '{classpath:org/springframework/aop/config/AopNamespaceHandlerScopeIntegrationTests-context.xml}', classes = '{}', contextInitializerClasses = '[]', activeProfiles = '{}', propertySourceLocations = '{}', propertySourceProperties = '{}', contextCustomizers = set[[empty]], resourceBasePath = 'src/main/webapp', contextLoader = 'org.springframework.test.context.web.WebDelegatingSmartContextLoader', parent = [null]]]
17:05:59.904 [Test worker] DEBUG o.s.t.c.cache - Spring test ApplicationContext cache statistics: [DefaultContextCache@1a67c8f8 size = 1, maxSize = 32, parentContextCount = 0, hitCount = 30, missCount = 3]
17:05:59.904 [Test worker] DEBUG o.s.t.c.w.ServletTestExecutionListener - Setting up MockHttpServletRequest, MockHttpServletResponse, ServletWebRequest, and RequestContextHolder for test context [DefaultTestContext@68e43696 testClass = AopNamespaceHandlerScopeIntegrationTests, testInstance = org.springframework.aop.config.AopNamespaceHandlerScopeIntegrationTests@5773f502, testMethod = [null], testException = [null], mergedContextConfiguration = [WebMergedContextConfiguration@272a7544 testClass = AopNamespaceHandlerScopeIntegrationTests, locations = '{classpath:org/springframework/aop/config/AopNamespaceHandlerScopeIntegrationTests-context.xml}', classes = '{}', contextInitializerClasses = '[]', activeProfiles = '{}', propertySourceLocations = '{}', propertySourceProperties = '{}', contextCustomizers = set[[empty]], resourceBasePath = 'src/main/webapp', contextLoader = 'org.springframework.test.context.web.WebDelegatingSmartContextLoader', parent = [null]], attributes = map['org.springframework.test.context.event.ApplicationEventsTestExecutionListener.recordApplicationEvents' -> false, 'org.springframework.test.context.support.DependencyInjectionTestExecutionListener.reinjectDependencies' -> true]].
17:05:59.904 [Test worker] DEBUG o.s.t.c.s.DependencyInjectionTestExecutionListener - Performing dependency injection for test context [[DefaultTestContext@68e43696 testClass = AopNamespaceHandlerScopeIntegrationTests, testInstance = org.springframework.aop.config.AopNamespaceHandlerScopeIntegrationTests@5773f502, testMethod = [null], testException = [null], mergedContextConfiguration = [WebMergedContextConfiguration@272a7544 testClass = AopNamespaceHandlerScopeIntegrationTests, locations = '{classpath:org/springframework/aop/config/AopNamespaceHandlerScopeIntegrationTests-context.xml}', classes = '{}', contextInitializerClasses = '[]', activeProfiles = '{}', propertySourceLocations = '{}', propertySourceProperties = '{}', contextCustomizers = set[[empty]], resourceBasePath = 'src/main/webapp', contextLoader = 'org.springframework.test.context.web.WebDelegatingSmartContextLoader', parent = [null]], attributes = map['org.springframework.test.context.web.ServletTestExecutionListener.populatedRequestContextHolder' -> true, 'org.springframework.test.context.web.ServletTestExecutionListener.resetRequestContextHolder' -> true, 'org.springframework.test.context.event.ApplicationEventsTestExecutionListener.recordApplicationEvents' -> false, 'org.springframework.test.context.support.DependencyInjectionTestExecutionListener.reinjectDependencies' -> true]]].
17:05:59.904 [Test worker] DEBUG o.s.t.c.c.DefaultCacheAwareContextLoaderDelegate - Retrieved ApplicationContext [599002371] from cache with key [[WebMergedContextConfiguration@272a7544 testClass = AopNamespaceHandlerScopeIntegrationTests, locations = '{classpath:org/springframework/aop/config/AopNamespaceHandlerScopeIntegrationTests-context.xml}', classes = '{}', contextInitializerClasses = '[]', activeProfiles = '{}', propertySourceLocations = '{}', propertySourceProperties = '{}', contextCustomizers = set[[empty]], resourceBasePath = 'src/main/webapp', contextLoader = 'org.springframework.test.context.web.WebDelegatingSmartContextLoader', parent = [null]]]
17:05:59.905 [Test worker] DEBUG o.s.t.c.cache - Spring test ApplicationContext cache statistics: [DefaultContextCache@1a67c8f8 size = 1, maxSize = 32, parentContextCount = 0, hitCount = 31, missCount = 3]
17:05:59.905 [Test worker] DEBUG o.s.t.c.c.DefaultCacheAwareContextLoaderDelegate - Retrieved ApplicationContext [599002371] from cache with key [[WebMergedContextConfiguration@272a7544 testClass = AopNamespaceHandlerScopeIntegrationTests, locations = '{classpath:org/springframework/aop/config/AopNamespaceHandlerScopeIntegrationTests-context.xml}', classes = '{}', contextInitializerClasses = '[]', activeProfiles = '{}', propertySourceLocations = '{}', propertySourceProperties = '{}', contextCustomizers = set[[empty]], resourceBasePath = 'src/main/webapp', contextLoader = 'org.springframework.test.context.web.WebDelegatingSmartContextLoader', parent = [null]]]
17:05:59.905 [Test worker] DEBUG o.s.t.c.cache - Spring test ApplicationContext cache statistics: [DefaultContextCache@1a67c8f8 size = 1, maxSize = 32, parentContextCount = 0, hitCount = 32, missCount = 3]
17:05:59.906 [Test worker] DEBUG o.s.t.c.s.AbstractDirtiesContextTestExecutionListener - Before test method: context [DefaultTestContext@68e43696 testClass = AopNamespaceHandlerScopeIntegrationTests, testInstance = org.springframework.aop.config.AopNamespaceHandlerScopeIntegrationTests@5773f502, testMethod = testSingletonScoping@AopNamespaceHandlerScopeIntegrationTests, testException = [null], mergedContextConfiguration = [WebMergedContextConfiguration@272a7544 testClass = AopNamespaceHandlerScopeIntegrationTests, locations = '{classpath:org/springframework/aop/config/AopNamespaceHandlerScopeIntegrationTests-context.xml}', classes = '{}', contextInitializerClasses = '[]', activeProfiles = '{}', propertySourceLocations = '{}', propertySourceProperties = '{}', contextCustomizers = set[[empty]], resourceBasePath = 'src/main/webapp', contextLoader = 'org.springframework.test.context.web.WebDelegatingSmartContextLoader', parent = [null]], attributes = map['org.springframework.test.context.web.ServletTestExecutionListener.populatedRequestContextHolder' -> true, 'org.springframework.test.context.web.ServletTestExecutionListener.resetRequestContextHolder' -> true, 'org.springframework.test.context.event.ApplicationEventsTestExecutionListener.recordApplicationEvents' -> false]], class annotated with @DirtiesContext [false] with mode [null], method annotated with @DirtiesContext [false] with mode [null].
17:05:59.906 [Test worker] DEBUG o.s.t.c.c.DefaultCacheAwareContextLoaderDelegate - Retrieved ApplicationContext [599002371] from cache with key [[WebMergedContextConfiguration@272a7544 testClass = AopNamespaceHandlerScopeIntegrationTests, locations = '{classpath:org/springframework/aop/config/AopNamespaceHandlerScopeIntegrationTests-context.xml}', classes = '{}', contextInitializerClasses = '[]', activeProfiles = '{}', propertySourceLocations = '{}', propertySourceProperties = '{}', contextCustomizers = set[[empty]], resourceBasePath = 'src/main/webapp', contextLoader = 'org.springframework.test.context.web.WebDelegatingSmartContextLoader', parent = [null]]]
17:05:59.906 [Test worker] DEBUG o.s.t.c.cache - Spring test ApplicationContext cache statistics: [DefaultContextCache@1a67c8f8 size = 1, maxSize = 32, parentContextCount = 0, hitCount = 33, missCount = 3]
17:05:59.906 [Test worker] DEBUG o.s.t.c.c.DefaultCacheAwareContextLoaderDelegate - Retrieved ApplicationContext [599002371] from cache with key [[WebMergedContextConfiguration@272a7544 testClass = AopNamespaceHandlerScopeIntegrationTests, locations = '{classpath:org/springframework/aop/config/AopNamespaceHandlerScopeIntegrationTests-context.xml}', classes = '{}', contextInitializerClasses = '[]', activeProfiles = '{}', propertySourceLocations = '{}', propertySourceProperties = '{}', contextCustomizers = set[[empty]], resourceBasePath = 'src/main/webapp', contextLoader = 'org.springframework.test.context.web.WebDelegatingSmartContextLoader', parent = [null]]]
17:05:59.906 [Test worker] DEBUG o.s.t.c.cache - Spring test ApplicationContext cache statistics: [DefaultContextCache@1a67c8f8 size = 1, maxSize = 32, parentContextCount = 0, hitCount = 34, missCount = 3]
17:05:59.944 [Test worker] DEBUG o.s.t.c.c.DefaultCacheAwareContextLoaderDelegate - Retrieved ApplicationContext [599002371] from cache with key [[WebMergedContextConfiguration@272a7544 testClass = AopNamespaceHandlerScopeIntegrationTests, locations = '{classpath:org/springframework/aop/config/AopNamespaceHandlerScopeIntegrationTests-context.xml}', classes = '{}', contextInitializerClasses = '[]', activeProfiles = '{}', propertySourceLocations = '{}', propertySourceProperties = '{}', contextCustomizers = set[[empty]], resourceBasePath = 'src/main/webapp', contextLoader = 'org.springframework.test.context.web.WebDelegatingSmartContextLoader', parent = [null]]]
17:05:59.944 [Test worker] DEBUG o.s.t.c.cache - Spring test ApplicationContext cache statistics: [DefaultContextCache@1a67c8f8 size = 1, maxSize = 32, parentContextCount = 0, hitCount = 35, missCount = 3]
17:05:59.945 [Test worker] DEBUG o.s.t.c.c.DefaultCacheAwareContextLoaderDelegate - Retrieved ApplicationContext [599002371] from cache with key [[WebMergedContextConfiguration@272a7544 testClass = AopNamespaceHandlerScopeIntegrationTests, locations = '{classpath:org/springframework/aop/config/AopNamespaceHandlerScopeIntegrationTests-context.xml}', classes = '{}', contextInitializerClasses = '[]', activeProfiles = '{}', propertySourceLocations = '{}', propertySourceProperties = '{}', contextCustomizers = set[[empty]], resourceBasePath = 'src/main/webapp', contextLoader = 'org.springframework.test.context.web.WebDelegatingSmartContextLoader', parent = [null]]]
17:05:59.945 [Test worker] DEBUG o.s.t.c.cache - Spring test ApplicationContext cache statistics: [DefaultContextCache@1a67c8f8 size = 1, maxSize = 32, parentContextCount = 0, hitCount = 36, missCount = 3]
17:05:59.945 [Test worker] DEBUG o.s.t.c.s.AbstractDirtiesContextTestExecutionListener - After test method: context [DefaultTestContext@68e43696 testClass = AopNamespaceHandlerScopeIntegrationTests, testInstance = org.springframework.aop.config.AopNamespaceHandlerScopeIntegrationTests@5773f502, testMethod = testSingletonScoping@AopNamespaceHandlerScopeIntegrationTests, testException = [null], mergedContextConfiguration = [WebMergedContextConfiguration@272a7544 testClass = AopNamespaceHandlerScopeIntegrationTests, locations = '{classpath:org/springframework/aop/config/AopNamespaceHandlerScopeIntegrationTests-context.xml}', classes = '{}', contextInitializerClasses = '[]', activeProfiles = '{}', propertySourceLocations = '{}', propertySourceProperties = '{}', contextCustomizers = set[[empty]], resourceBasePath = 'src/main/webapp', contextLoader = 'org.springframework.test.context.web.WebDelegatingSmartContextLoader', parent = [null]], attributes = map['org.springframework.test.context.web.ServletTestExecutionListener.populatedRequestContextHolder' -> true, 'org.springframework.test.context.web.ServletTestExecutionListener.resetRequestContextHolder' -> true, 'org.springframework.test.context.event.ApplicationEventsTestExecutionListener.recordApplicationEvents' -> false]], class annotated with @DirtiesContext [false] with mode [null], method annotated with @DirtiesContext [false] with mode [null].
17:05:59.945 [Test worker] DEBUG o.s.t.c.w.ServletTestExecutionListener - Resetting RequestContextHolder for test context [DefaultTestContext@68e43696 testClass = AopNamespaceHandlerScopeIntegrationTests, testInstance = org.springframework.aop.config.AopNamespaceHandlerScopeIntegrationTests@5773f502, testMethod = testSingletonScoping@AopNamespaceHandlerScopeIntegrationTests, testException = [null], mergedContextConfiguration = [WebMergedContextConfiguration@272a7544 testClass = AopNamespaceHandlerScopeIntegrationTests, locations = '{classpath:org/springframework/aop/config/AopNamespaceHandlerScopeIntegrationTests-context.xml}', classes = '{}', contextInitializerClasses = '[]', activeProfiles = '{}', propertySourceLocations = '{}', propertySourceProperties = '{}', contextCustomizers = set[[empty]], resourceBasePath = 'src/main/webapp', contextLoader = 'org.springframework.test.context.web.WebDelegatingSmartContextLoader', parent = [null]], attributes = map['org.springframework.test.context.web.ServletTestExecutionListener.populatedRequestContextHolder' -> true, 'org.springframework.test.context.web.ServletTestExecutionListener.resetRequestContextHolder' -> true, 'org.springframework.test.context.event.ApplicationEventsTestExecutionListener.recordApplicationEvents' -> false]].
17:05:59.945 [Test worker] DEBUG o.s.t.c.c.DefaultCacheAwareContextLoaderDelegate - Retrieved ApplicationContext [599002371] from cache with key [[WebMergedContextConfiguration@272a7544 testClass = AopNamespaceHandlerScopeIntegrationTests, locations = '{classpath:org/springframework/aop/config/AopNamespaceHandlerScopeIntegrationTests-context.xml}', classes = '{}', contextInitializerClasses = '[]', activeProfiles = '{}', propertySourceLocations = '{}', propertySourceProperties = '{}', contextCustomizers = set[[empty]], resourceBasePath = 'src/main/webapp', contextLoader = 'org.springframework.test.context.web.WebDelegatingSmartContextLoader', parent = [null]]]
17:05:59.946 [Test worker] DEBUG o.s.t.c.cache - Spring test ApplicationContext cache statistics: [DefaultContextCache@1a67c8f8 size = 1, maxSize = 32, parentContextCount = 0, hitCount = 37, missCount = 3]
17:05:59.946 [Test worker] DEBUG o.s.t.c.s.AbstractDirtiesContextTestExecutionListener - After test class: context [DefaultTestContext@68e43696 testClass = AopNamespaceHandlerScopeIntegrationTests, testInstance = [null], testMethod = [null], testException = [null], mergedContextConfiguration = [WebMergedContextConfiguration@272a7544 testClass = AopNamespaceHandlerScopeIntegrationTests, locations = '{classpath:org/springframework/aop/config/AopNamespaceHandlerScopeIntegrationTests-context.xml}', classes = '{}', contextInitializerClasses = '[]', activeProfiles = '{}', propertySourceLocations = '{}', propertySourceProperties = '{}', contextCustomizers = set[[empty]], resourceBasePath = 'src/main/webapp', contextLoader = 'org.springframework.test.context.web.WebDelegatingSmartContextLoader', parent = [null]], attributes = map['org.springframework.test.context.event.ApplicationEventsTestExecutionListener.recordApplicationEvents' -> false, 'org.springframework.test.context.support.DependencyInjectionTestExecutionListener.reinjectDependencies' -> true]], class annotated with @DirtiesContext [false] with mode [null].
]]></system-out>
  <system-err><![CDATA[]]></system-err>
</testsuite>
