<?xml version="1.0" encoding="UTF-8"?>
<testsuite name="org.springframework.context.annotation.jsr330.ClassPathBeanDefinitionScannerJsr330ScopeIntegrationTests" tests="10" skipped="0" failures="0" errors="0" timestamp="2021-07-21T09:06:00" hostname="DESKTOP-TKASV8M" time="0.106">
  <properties/>
  <testcase name="testSingletonScopeWithNoProxy()" classname="org.springframework.context.annotation.jsr330.ClassPathBeanDefinitionScannerJsr330ScopeIntegrationTests" time="0.019"/>
  <testcase name="testSessionScopeWithNoProxy()" classname="org.springframework.context.annotation.jsr330.ClassPathBeanDefinitionScannerJsr330ScopeIntegrationTests" time="0.011"/>
  <testcase name="testSingletonScopeIgnoresProxyInterfaces()" classname="org.springframework.context.annotation.jsr330.ClassPathBeanDefinitionScannerJsr330ScopeIntegrationTests" time="0.01"/>
  <testcase name="testRequestScopeWithNoProxy()" classname="org.springframework.context.annotation.jsr330.ClassPathBeanDefinitionScannerJsr330ScopeIntegrationTests" time="0.008"/>
  <testcase name="testSessionScopeWithProxiedTargetClass()" classname="org.springframework.context.annotation.jsr330.ClassPathBeanDefinitionScannerJsr330ScopeIntegrationTests" time="0.015"/>
  <testcase name="testRequestScopeWithProxiedTargetClass()" classname="org.springframework.context.annotation.jsr330.ClassPathBeanDefinitionScannerJsr330ScopeIntegrationTests" time="0.012"/>
  <testcase name="testPrototype()" classname="org.springframework.context.annotation.jsr330.ClassPathBeanDefinitionScannerJsr330ScopeIntegrationTests" time="0.007"/>
  <testcase name="testRequestScopeWithProxiedInterfaces()" classname="org.springframework.context.annotation.jsr330.ClassPathBeanDefinitionScannerJsr330ScopeIntegrationTests" time="0.009"/>
  <testcase name="testSingletonScopeIgnoresProxyTargetClass()" classname="org.springframework.context.annotation.jsr330.ClassPathBeanDefinitionScannerJsr330ScopeIntegrationTests" time="0.007"/>
  <testcase name="testSessionScopeWithProxiedInterfaces()" classname="org.springframework.context.annotation.jsr330.ClassPathBeanDefinitionScannerJsr330ScopeIntegrationTests" time="0.007"/>
  <system-out><![CDATA[17:06:00.408 [Test worker] DEBUG o.s.c.a.ClassPathBeanDefinitionScanner - Identified candidate component class: file [D:\jinpe\source\spring-framework\integration-tests\build\classes\java\test\org\springframework\context\annotation\jsr330\ClassPathBeanDefinitionScannerJsr330ScopeIntegrationTests$PrototypeScopedTestBean.class]
17:06:00.410 [Test worker] DEBUG o.s.c.a.ClassPathBeanDefinitionScanner - Identified candidate component class: file [D:\jinpe\source\spring-framework\integration-tests\build\classes\java\test\org\springframework\context\annotation\jsr330\ClassPathBeanDefinitionScannerJsr330ScopeIntegrationTests$RequestScopedTestBean.class]
17:06:00.410 [Test worker] DEBUG o.s.c.a.ClassPathBeanDefinitionScanner - Identified candidate component class: file [D:\jinpe\source\spring-framework\integration-tests\build\classes\java\test\org\springframework\context\annotation\jsr330\ClassPathBeanDefinitionScannerJsr330ScopeIntegrationTests$SessionScopedTestBean.class]
17:06:00.411 [Test worker] DEBUG o.s.c.a.ClassPathBeanDefinitionScanner - Identified candidate component class: file [D:\jinpe\source\spring-framework\integration-tests\build\classes\java\test\org\springframework\context\annotation\jsr330\ClassPathBeanDefinitionScannerJsr330ScopeIntegrationTests$SingletonScopedTestBean.class]
17:06:00.413 [Test worker] DEBUG o.s.c.a.ClassPathBeanDefinitionScanner - Identified candidate component class: file [D:\jinpe\source\spring-framework\integration-tests\build\classes\java\test\org\springframework\context\annotation\jsr330\ClassPathBeanDefinitionScannerJsr330ScopeIntegrationTests$PrototypeScopedTestBean.class]
17:06:00.413 [Test worker] DEBUG o.s.c.a.ClassPathBeanDefinitionScanner - Identified candidate component class: file [D:\jinpe\source\spring-framework\integration-tests\build\classes\java\test\org\springframework\context\annotation\jsr330\ClassPathBeanDefinitionScannerJsr330ScopeIntegrationTests$RequestScopedTestBean.class]
17:06:00.414 [Test worker] DEBUG o.s.c.a.ClassPathBeanDefinitionScanner - Identified candidate component class: file [D:\jinpe\source\spring-framework\integration-tests\build\classes\java\test\org\springframework\context\annotation\jsr330\ClassPathBeanDefinitionScannerJsr330ScopeIntegrationTests$SessionScopedTestBean.class]
17:06:00.414 [Test worker] DEBUG o.s.c.a.ClassPathBeanDefinitionScanner - Identified candidate component class: file [D:\jinpe\source\spring-framework\integration-tests\build\classes\java\test\org\springframework\context\annotation\jsr330\ClassPathBeanDefinitionScannerJsr330ScopeIntegrationTests$SingletonScopedTestBean.class]
17:06:00.414 [Test worker] DEBUG o.s.w.c.s.GenericWebApplicationContext - Refreshing org.springframework.web.context.support.GenericWebApplicationContext@78191d96
17:06:00.415 [Test worker] DEBUG o.s.u.c.s.UiApplicationContextUtils - Unable to locate ThemeSource with name 'themeSource': using default [org.springframework.ui.context.support.ResourceBundleThemeSource@b7d16e9]
17:06:00.415 [Test worker] DEBUG o.s.b.f.s.DefaultListableBeanFactory - Creating shared instance of singleton bean 'singleton'
17:06:00.421 [Test worker] DEBUG o.s.c.a.ClassPathBeanDefinitionScanner - Identified candidate component class: file [D:\jinpe\source\spring-framework\integration-tests\build\classes\java\test\org\springframework\context\annotation\jsr330\ClassPathBeanDefinitionScannerJsr330ScopeIntegrationTests$PrototypeScopedTestBean.class]
17:06:00.422 [Test worker] DEBUG o.s.c.a.ClassPathBeanDefinitionScanner - Identified candidate component class: file [D:\jinpe\source\spring-framework\integration-tests\build\classes\java\test\org\springframework\context\annotation\jsr330\ClassPathBeanDefinitionScannerJsr330ScopeIntegrationTests$RequestScopedTestBean.class]
17:06:00.423 [Test worker] DEBUG o.s.c.a.ClassPathBeanDefinitionScanner - Identified candidate component class: file [D:\jinpe\source\spring-framework\integration-tests\build\classes\java\test\org\springframework\context\annotation\jsr330\ClassPathBeanDefinitionScannerJsr330ScopeIntegrationTests$SessionScopedTestBean.class]
17:06:00.423 [Test worker] DEBUG o.s.c.a.ClassPathBeanDefinitionScanner - Identified candidate component class: file [D:\jinpe\source\spring-framework\integration-tests\build\classes\java\test\org\springframework\context\annotation\jsr330\ClassPathBeanDefinitionScannerJsr330ScopeIntegrationTests$SingletonScopedTestBean.class]
17:06:00.426 [Test worker] DEBUG o.s.c.a.ClassPathBeanDefinitionScanner - Identified candidate component class: file [D:\jinpe\source\spring-framework\integration-tests\build\classes\java\test\org\springframework\context\annotation\jsr330\ClassPathBeanDefinitionScannerJsr330ScopeIntegrationTests$PrototypeScopedTestBean.class]
17:06:00.426 [Test worker] DEBUG o.s.c.a.ClassPathBeanDefinitionScanner - Identified candidate component class: file [D:\jinpe\source\spring-framework\integration-tests\build\classes\java\test\org\springframework\context\annotation\jsr330\ClassPathBeanDefinitionScannerJsr330ScopeIntegrationTests$RequestScopedTestBean.class]
17:06:00.426 [Test worker] DEBUG o.s.c.a.ClassPathBeanDefinitionScanner - Identified candidate component class: file [D:\jinpe\source\spring-framework\integration-tests\build\classes\java\test\org\springframework\context\annotation\jsr330\ClassPathBeanDefinitionScannerJsr330ScopeIntegrationTests$SessionScopedTestBean.class]
17:06:00.426 [Test worker] DEBUG o.s.c.a.ClassPathBeanDefinitionScanner - Identified candidate component class: file [D:\jinpe\source\spring-framework\integration-tests\build\classes\java\test\org\springframework\context\annotation\jsr330\ClassPathBeanDefinitionScannerJsr330ScopeIntegrationTests$SingletonScopedTestBean.class]
17:06:00.426 [Test worker] DEBUG o.s.w.c.s.GenericWebApplicationContext - Refreshing org.springframework.web.context.support.GenericWebApplicationContext@490bd311
17:06:00.427 [Test worker] DEBUG o.s.u.c.s.UiApplicationContextUtils - Unable to locate ThemeSource with name 'themeSource': using default [org.springframework.ui.context.support.ResourceBundleThemeSource@606144c9]
17:06:00.427 [Test worker] DEBUG o.s.b.f.s.DefaultListableBeanFactory - Creating shared instance of singleton bean 'singleton'
17:06:00.431 [Test worker] DEBUG o.s.c.a.ClassPathBeanDefinitionScanner - Identified candidate component class: file [D:\jinpe\source\spring-framework\integration-tests\build\classes\java\test\org\springframework\context\annotation\jsr330\ClassPathBeanDefinitionScannerJsr330ScopeIntegrationTests$PrototypeScopedTestBean.class]
17:06:00.432 [Test worker] DEBUG o.s.c.a.ClassPathBeanDefinitionScanner - Identified candidate component class: file [D:\jinpe\source\spring-framework\integration-tests\build\classes\java\test\org\springframework\context\annotation\jsr330\ClassPathBeanDefinitionScannerJsr330ScopeIntegrationTests$RequestScopedTestBean.class]
17:06:00.432 [Test worker] DEBUG o.s.c.a.ClassPathBeanDefinitionScanner - Identified candidate component class: file [D:\jinpe\source\spring-framework\integration-tests\build\classes\java\test\org\springframework\context\annotation\jsr330\ClassPathBeanDefinitionScannerJsr330ScopeIntegrationTests$SessionScopedTestBean.class]
17:06:00.432 [Test worker] DEBUG o.s.c.a.ClassPathBeanDefinitionScanner - Identified candidate component class: file [D:\jinpe\source\spring-framework\integration-tests\build\classes\java\test\org\springframework\context\annotation\jsr330\ClassPathBeanDefinitionScannerJsr330ScopeIntegrationTests$SingletonScopedTestBean.class]
17:06:00.434 [Test worker] DEBUG o.s.c.a.ClassPathBeanDefinitionScanner - Identified candidate component class: file [D:\jinpe\source\spring-framework\integration-tests\build\classes\java\test\org\springframework\context\annotation\jsr330\ClassPathBeanDefinitionScannerJsr330ScopeIntegrationTests$PrototypeScopedTestBean.class]
17:06:00.434 [Test worker] DEBUG o.s.c.a.ClassPathBeanDefinitionScanner - Identified candidate component class: file [D:\jinpe\source\spring-framework\integration-tests\build\classes\java\test\org\springframework\context\annotation\jsr330\ClassPathBeanDefinitionScannerJsr330ScopeIntegrationTests$RequestScopedTestBean.class]
17:06:00.434 [Test worker] DEBUG o.s.c.a.ClassPathBeanDefinitionScanner - Identified candidate component class: file [D:\jinpe\source\spring-framework\integration-tests\build\classes\java\test\org\springframework\context\annotation\jsr330\ClassPathBeanDefinitionScannerJsr330ScopeIntegrationTests$SessionScopedTestBean.class]
17:06:00.434 [Test worker] DEBUG o.s.c.a.ClassPathBeanDefinitionScanner - Identified candidate component class: file [D:\jinpe\source\spring-framework\integration-tests\build\classes\java\test\org\springframework\context\annotation\jsr330\ClassPathBeanDefinitionScannerJsr330ScopeIntegrationTests$SingletonScopedTestBean.class]
17:06:00.434 [Test worker] DEBUG o.s.w.c.s.GenericWebApplicationContext - Refreshing org.springframework.web.context.support.GenericWebApplicationContext@45bef9f1
17:06:00.435 [Test worker] DEBUG o.s.u.c.s.UiApplicationContextUtils - Unable to locate ThemeSource with name 'themeSource': using default [org.springframework.ui.context.support.ResourceBundleThemeSource@73acb6f0]
17:06:00.435 [Test worker] DEBUG o.s.b.f.s.DefaultListableBeanFactory - Creating shared instance of singleton bean 'request'
17:06:00.436 [Test worker] DEBUG o.s.b.f.s.DefaultListableBeanFactory - Creating shared instance of singleton bean 'classPathBeanDefinitionScannerJsr330ScopeIntegrationTests.SessionScopedTestBean'
17:06:00.438 [Test worker] DEBUG o.s.b.f.s.DefaultListableBeanFactory - Creating shared instance of singleton bean 'singleton'
17:06:00.441 [Test worker] DEBUG o.s.c.a.ClassPathBeanDefinitionScanner - Identified candidate component class: file [D:\jinpe\source\spring-framework\integration-tests\build\classes\java\test\org\springframework\context\annotation\jsr330\ClassPathBeanDefinitionScannerJsr330ScopeIntegrationTests$PrototypeScopedTestBean.class]
17:06:00.441 [Test worker] DEBUG o.s.c.a.ClassPathBeanDefinitionScanner - Identified candidate component class: file [D:\jinpe\source\spring-framework\integration-tests\build\classes\java\test\org\springframework\context\annotation\jsr330\ClassPathBeanDefinitionScannerJsr330ScopeIntegrationTests$RequestScopedTestBean.class]
17:06:00.442 [Test worker] DEBUG o.s.c.a.ClassPathBeanDefinitionScanner - Identified candidate component class: file [D:\jinpe\source\spring-framework\integration-tests\build\classes\java\test\org\springframework\context\annotation\jsr330\ClassPathBeanDefinitionScannerJsr330ScopeIntegrationTests$SessionScopedTestBean.class]
17:06:00.443 [Test worker] DEBUG o.s.c.a.ClassPathBeanDefinitionScanner - Identified candidate component class: file [D:\jinpe\source\spring-framework\integration-tests\build\classes\java\test\org\springframework\context\annotation\jsr330\ClassPathBeanDefinitionScannerJsr330ScopeIntegrationTests$SingletonScopedTestBean.class]
17:06:00.444 [Test worker] DEBUG o.s.c.a.ClassPathBeanDefinitionScanner - Identified candidate component class: file [D:\jinpe\source\spring-framework\integration-tests\build\classes\java\test\org\springframework\context\annotation\jsr330\ClassPathBeanDefinitionScannerJsr330ScopeIntegrationTests$PrototypeScopedTestBean.class]
17:06:00.445 [Test worker] DEBUG o.s.c.a.ClassPathBeanDefinitionScanner - Identified candidate component class: file [D:\jinpe\source\spring-framework\integration-tests\build\classes\java\test\org\springframework\context\annotation\jsr330\ClassPathBeanDefinitionScannerJsr330ScopeIntegrationTests$RequestScopedTestBean.class]
17:06:00.445 [Test worker] DEBUG o.s.c.a.ClassPathBeanDefinitionScanner - Identified candidate component class: file [D:\jinpe\source\spring-framework\integration-tests\build\classes\java\test\org\springframework\context\annotation\jsr330\ClassPathBeanDefinitionScannerJsr330ScopeIntegrationTests$SessionScopedTestBean.class]
17:06:00.445 [Test worker] DEBUG o.s.c.a.ClassPathBeanDefinitionScanner - Identified candidate component class: file [D:\jinpe\source\spring-framework\integration-tests\build\classes\java\test\org\springframework\context\annotation\jsr330\ClassPathBeanDefinitionScannerJsr330ScopeIntegrationTests$SingletonScopedTestBean.class]
17:06:00.445 [Test worker] DEBUG o.s.w.c.s.GenericWebApplicationContext - Refreshing org.springframework.web.context.support.GenericWebApplicationContext@ee887f9
17:06:00.445 [Test worker] DEBUG o.s.u.c.s.UiApplicationContextUtils - Unable to locate ThemeSource with name 'themeSource': using default [org.springframework.ui.context.support.ResourceBundleThemeSource@5e9c5847]
17:06:00.446 [Test worker] DEBUG o.s.b.f.s.DefaultListableBeanFactory - Creating shared instance of singleton bean 'singleton'
17:06:00.451 [Test worker] DEBUG o.s.c.a.ClassPathBeanDefinitionScanner - Identified candidate component class: file [D:\jinpe\source\spring-framework\integration-tests\build\classes\java\test\org\springframework\context\annotation\jsr330\ClassPathBeanDefinitionScannerJsr330ScopeIntegrationTests$PrototypeScopedTestBean.class]
17:06:00.451 [Test worker] DEBUG o.s.c.a.ClassPathBeanDefinitionScanner - Identified candidate component class: file [D:\jinpe\source\spring-framework\integration-tests\build\classes\java\test\org\springframework\context\annotation\jsr330\ClassPathBeanDefinitionScannerJsr330ScopeIntegrationTests$RequestScopedTestBean.class]
17:06:00.452 [Test worker] DEBUG o.s.c.a.ClassPathBeanDefinitionScanner - Identified candidate component class: file [D:\jinpe\source\spring-framework\integration-tests\build\classes\java\test\org\springframework\context\annotation\jsr330\ClassPathBeanDefinitionScannerJsr330ScopeIntegrationTests$SessionScopedTestBean.class]
17:06:00.452 [Test worker] DEBUG o.s.c.a.ClassPathBeanDefinitionScanner - Identified candidate component class: file [D:\jinpe\source\spring-framework\integration-tests\build\classes\java\test\org\springframework\context\annotation\jsr330\ClassPathBeanDefinitionScannerJsr330ScopeIntegrationTests$SingletonScopedTestBean.class]
17:06:00.453 [Test worker] DEBUG o.s.c.a.ClassPathBeanDefinitionScanner - Identified candidate component class: file [D:\jinpe\source\spring-framework\integration-tests\build\classes\java\test\org\springframework\context\annotation\jsr330\ClassPathBeanDefinitionScannerJsr330ScopeIntegrationTests$PrototypeScopedTestBean.class]
17:06:00.453 [Test worker] DEBUG o.s.c.a.ClassPathBeanDefinitionScanner - Identified candidate component class: file [D:\jinpe\source\spring-framework\integration-tests\build\classes\java\test\org\springframework\context\annotation\jsr330\ClassPathBeanDefinitionScannerJsr330ScopeIntegrationTests$RequestScopedTestBean.class]
17:06:00.453 [Test worker] DEBUG o.s.c.a.ClassPathBeanDefinitionScanner - Identified candidate component class: file [D:\jinpe\source\spring-framework\integration-tests\build\classes\java\test\org\springframework\context\annotation\jsr330\ClassPathBeanDefinitionScannerJsr330ScopeIntegrationTests$SessionScopedTestBean.class]
17:06:00.453 [Test worker] DEBUG o.s.c.a.ClassPathBeanDefinitionScanner - Identified candidate component class: file [D:\jinpe\source\spring-framework\integration-tests\build\classes\java\test\org\springframework\context\annotation\jsr330\ClassPathBeanDefinitionScannerJsr330ScopeIntegrationTests$SingletonScopedTestBean.class]
17:06:00.454 [Test worker] DEBUG o.s.w.c.s.GenericWebApplicationContext - Refreshing org.springframework.web.context.support.GenericWebApplicationContext@19950615
17:06:00.454 [Test worker] DEBUG o.s.u.c.s.UiApplicationContextUtils - Unable to locate ThemeSource with name 'themeSource': using default [org.springframework.ui.context.support.ResourceBundleThemeSource@7ab48bb0]
17:06:00.455 [Test worker] DEBUG o.s.b.f.s.DefaultListableBeanFactory - Creating shared instance of singleton bean 'request'
17:06:00.457 [Test worker] DEBUG o.s.b.f.s.DefaultListableBeanFactory - Creating shared instance of singleton bean 'classPathBeanDefinitionScannerJsr330ScopeIntegrationTests.SessionScopedTestBean'
17:06:00.459 [Test worker] DEBUG o.s.b.f.s.DefaultListableBeanFactory - Creating shared instance of singleton bean 'singleton'
17:06:00.466 [Test worker] DEBUG o.s.c.a.ClassPathBeanDefinitionScanner - Identified candidate component class: file [D:\jinpe\source\spring-framework\integration-tests\build\classes\java\test\org\springframework\context\annotation\jsr330\ClassPathBeanDefinitionScannerJsr330ScopeIntegrationTests$PrototypeScopedTestBean.class]
17:06:00.466 [Test worker] DEBUG o.s.c.a.ClassPathBeanDefinitionScanner - Identified candidate component class: file [D:\jinpe\source\spring-framework\integration-tests\build\classes\java\test\org\springframework\context\annotation\jsr330\ClassPathBeanDefinitionScannerJsr330ScopeIntegrationTests$RequestScopedTestBean.class]
17:06:00.467 [Test worker] DEBUG o.s.c.a.ClassPathBeanDefinitionScanner - Identified candidate component class: file [D:\jinpe\source\spring-framework\integration-tests\build\classes\java\test\org\springframework\context\annotation\jsr330\ClassPathBeanDefinitionScannerJsr330ScopeIntegrationTests$SessionScopedTestBean.class]
17:06:00.467 [Test worker] DEBUG o.s.c.a.ClassPathBeanDefinitionScanner - Identified candidate component class: file [D:\jinpe\source\spring-framework\integration-tests\build\classes\java\test\org\springframework\context\annotation\jsr330\ClassPathBeanDefinitionScannerJsr330ScopeIntegrationTests$SingletonScopedTestBean.class]
17:06:00.470 [Test worker] DEBUG o.s.c.a.ClassPathBeanDefinitionScanner - Identified candidate component class: file [D:\jinpe\source\spring-framework\integration-tests\build\classes\java\test\org\springframework\context\annotation\jsr330\ClassPathBeanDefinitionScannerJsr330ScopeIntegrationTests$PrototypeScopedTestBean.class]
17:06:00.470 [Test worker] DEBUG o.s.c.a.ClassPathBeanDefinitionScanner - Identified candidate component class: file [D:\jinpe\source\spring-framework\integration-tests\build\classes\java\test\org\springframework\context\annotation\jsr330\ClassPathBeanDefinitionScannerJsr330ScopeIntegrationTests$RequestScopedTestBean.class]
17:06:00.470 [Test worker] DEBUG o.s.c.a.ClassPathBeanDefinitionScanner - Identified candidate component class: file [D:\jinpe\source\spring-framework\integration-tests\build\classes\java\test\org\springframework\context\annotation\jsr330\ClassPathBeanDefinitionScannerJsr330ScopeIntegrationTests$SessionScopedTestBean.class]
17:06:00.470 [Test worker] DEBUG o.s.c.a.ClassPathBeanDefinitionScanner - Identified candidate component class: file [D:\jinpe\source\spring-framework\integration-tests\build\classes\java\test\org\springframework\context\annotation\jsr330\ClassPathBeanDefinitionScannerJsr330ScopeIntegrationTests$SingletonScopedTestBean.class]
17:06:00.470 [Test worker] DEBUG o.s.w.c.s.GenericWebApplicationContext - Refreshing org.springframework.web.context.support.GenericWebApplicationContext@54e6c1f4
17:06:00.471 [Test worker] DEBUG o.s.u.c.s.UiApplicationContextUtils - Unable to locate ThemeSource with name 'themeSource': using default [org.springframework.ui.context.support.ResourceBundleThemeSource@4660cda5]
17:06:00.471 [Test worker] DEBUG o.s.b.f.s.DefaultListableBeanFactory - Creating shared instance of singleton bean 'request'
17:06:00.471 [Test worker] DEBUG o.s.b.f.s.DefaultListableBeanFactory - Creating shared instance of singleton bean 'classPathBeanDefinitionScannerJsr330ScopeIntegrationTests.SessionScopedTestBean'
17:06:00.472 [Test worker] DEBUG o.s.b.f.s.DefaultListableBeanFactory - Creating shared instance of singleton bean 'singleton'
17:06:00.477 [Test worker] DEBUG o.s.c.a.ClassPathBeanDefinitionScanner - Identified candidate component class: file [D:\jinpe\source\spring-framework\integration-tests\build\classes\java\test\org\springframework\context\annotation\jsr330\ClassPathBeanDefinitionScannerJsr330ScopeIntegrationTests$PrototypeScopedTestBean.class]
17:06:00.477 [Test worker] DEBUG o.s.c.a.ClassPathBeanDefinitionScanner - Identified candidate component class: file [D:\jinpe\source\spring-framework\integration-tests\build\classes\java\test\org\springframework\context\annotation\jsr330\ClassPathBeanDefinitionScannerJsr330ScopeIntegrationTests$RequestScopedTestBean.class]
17:06:00.478 [Test worker] DEBUG o.s.c.a.ClassPathBeanDefinitionScanner - Identified candidate component class: file [D:\jinpe\source\spring-framework\integration-tests\build\classes\java\test\org\springframework\context\annotation\jsr330\ClassPathBeanDefinitionScannerJsr330ScopeIntegrationTests$SessionScopedTestBean.class]
17:06:00.478 [Test worker] DEBUG o.s.c.a.ClassPathBeanDefinitionScanner - Identified candidate component class: file [D:\jinpe\source\spring-framework\integration-tests\build\classes\java\test\org\springframework\context\annotation\jsr330\ClassPathBeanDefinitionScannerJsr330ScopeIntegrationTests$SingletonScopedTestBean.class]
17:06:00.480 [Test worker] DEBUG o.s.c.a.ClassPathBeanDefinitionScanner - Identified candidate component class: file [D:\jinpe\source\spring-framework\integration-tests\build\classes\java\test\org\springframework\context\annotation\jsr330\ClassPathBeanDefinitionScannerJsr330ScopeIntegrationTests$PrototypeScopedTestBean.class]
17:06:00.480 [Test worker] DEBUG o.s.c.a.ClassPathBeanDefinitionScanner - Identified candidate component class: file [D:\jinpe\source\spring-framework\integration-tests\build\classes\java\test\org\springframework\context\annotation\jsr330\ClassPathBeanDefinitionScannerJsr330ScopeIntegrationTests$RequestScopedTestBean.class]
17:06:00.481 [Test worker] DEBUG o.s.c.a.ClassPathBeanDefinitionScanner - Identified candidate component class: file [D:\jinpe\source\spring-framework\integration-tests\build\classes\java\test\org\springframework\context\annotation\jsr330\ClassPathBeanDefinitionScannerJsr330ScopeIntegrationTests$SessionScopedTestBean.class]
17:06:00.481 [Test worker] DEBUG o.s.c.a.ClassPathBeanDefinitionScanner - Identified candidate component class: file [D:\jinpe\source\spring-framework\integration-tests\build\classes\java\test\org\springframework\context\annotation\jsr330\ClassPathBeanDefinitionScannerJsr330ScopeIntegrationTests$SingletonScopedTestBean.class]
17:06:00.481 [Test worker] DEBUG o.s.w.c.s.GenericWebApplicationContext - Refreshing org.springframework.web.context.support.GenericWebApplicationContext@246b4dfc
17:06:00.481 [Test worker] DEBUG o.s.u.c.s.UiApplicationContextUtils - Unable to locate ThemeSource with name 'themeSource': using default [org.springframework.ui.context.support.ResourceBundleThemeSource@7edbcf23]
17:06:00.481 [Test worker] DEBUG o.s.b.f.s.DefaultListableBeanFactory - Creating shared instance of singleton bean 'singleton'
17:06:00.485 [Test worker] DEBUG o.s.c.a.ClassPathBeanDefinitionScanner - Identified candidate component class: file [D:\jinpe\source\spring-framework\integration-tests\build\classes\java\test\org\springframework\context\annotation\jsr330\ClassPathBeanDefinitionScannerJsr330ScopeIntegrationTests$PrototypeScopedTestBean.class]
17:06:00.486 [Test worker] DEBUG o.s.c.a.ClassPathBeanDefinitionScanner - Identified candidate component class: file [D:\jinpe\source\spring-framework\integration-tests\build\classes\java\test\org\springframework\context\annotation\jsr330\ClassPathBeanDefinitionScannerJsr330ScopeIntegrationTests$RequestScopedTestBean.class]
17:06:00.486 [Test worker] DEBUG o.s.c.a.ClassPathBeanDefinitionScanner - Identified candidate component class: file [D:\jinpe\source\spring-framework\integration-tests\build\classes\java\test\org\springframework\context\annotation\jsr330\ClassPathBeanDefinitionScannerJsr330ScopeIntegrationTests$SessionScopedTestBean.class]
17:06:00.487 [Test worker] DEBUG o.s.c.a.ClassPathBeanDefinitionScanner - Identified candidate component class: file [D:\jinpe\source\spring-framework\integration-tests\build\classes\java\test\org\springframework\context\annotation\jsr330\ClassPathBeanDefinitionScannerJsr330ScopeIntegrationTests$SingletonScopedTestBean.class]
17:06:00.488 [Test worker] DEBUG o.s.c.a.ClassPathBeanDefinitionScanner - Identified candidate component class: file [D:\jinpe\source\spring-framework\integration-tests\build\classes\java\test\org\springframework\context\annotation\jsr330\ClassPathBeanDefinitionScannerJsr330ScopeIntegrationTests$PrototypeScopedTestBean.class]
17:06:00.488 [Test worker] DEBUG o.s.c.a.ClassPathBeanDefinitionScanner - Identified candidate component class: file [D:\jinpe\source\spring-framework\integration-tests\build\classes\java\test\org\springframework\context\annotation\jsr330\ClassPathBeanDefinitionScannerJsr330ScopeIntegrationTests$RequestScopedTestBean.class]
17:06:00.488 [Test worker] DEBUG o.s.c.a.ClassPathBeanDefinitionScanner - Identified candidate component class: file [D:\jinpe\source\spring-framework\integration-tests\build\classes\java\test\org\springframework\context\annotation\jsr330\ClassPathBeanDefinitionScannerJsr330ScopeIntegrationTests$SessionScopedTestBean.class]
17:06:00.488 [Test worker] DEBUG o.s.c.a.ClassPathBeanDefinitionScanner - Identified candidate component class: file [D:\jinpe\source\spring-framework\integration-tests\build\classes\java\test\org\springframework\context\annotation\jsr330\ClassPathBeanDefinitionScannerJsr330ScopeIntegrationTests$SingletonScopedTestBean.class]
17:06:00.489 [Test worker] DEBUG o.s.w.c.s.GenericWebApplicationContext - Refreshing org.springframework.web.context.support.GenericWebApplicationContext@2179a9
17:06:00.489 [Test worker] DEBUG o.s.u.c.s.UiApplicationContextUtils - Unable to locate ThemeSource with name 'themeSource': using default [org.springframework.ui.context.support.ResourceBundleThemeSource@19651d77]
17:06:00.489 [Test worker] DEBUG o.s.b.f.s.DefaultListableBeanFactory - Creating shared instance of singleton bean 'request'
17:06:00.490 [Test worker] DEBUG o.s.b.f.s.DefaultListableBeanFactory - Creating shared instance of singleton bean 'classPathBeanDefinitionScannerJsr330ScopeIntegrationTests.SessionScopedTestBean'
17:06:00.490 [Test worker] DEBUG o.s.b.f.s.DefaultListableBeanFactory - Creating shared instance of singleton bean 'singleton'
17:06:00.492 [Test worker] DEBUG o.s.c.a.ClassPathBeanDefinitionScanner - Identified candidate component class: file [D:\jinpe\source\spring-framework\integration-tests\build\classes\java\test\org\springframework\context\annotation\jsr330\ClassPathBeanDefinitionScannerJsr330ScopeIntegrationTests$PrototypeScopedTestBean.class]
17:06:00.493 [Test worker] DEBUG o.s.c.a.ClassPathBeanDefinitionScanner - Identified candidate component class: file [D:\jinpe\source\spring-framework\integration-tests\build\classes\java\test\org\springframework\context\annotation\jsr330\ClassPathBeanDefinitionScannerJsr330ScopeIntegrationTests$RequestScopedTestBean.class]
17:06:00.493 [Test worker] DEBUG o.s.c.a.ClassPathBeanDefinitionScanner - Identified candidate component class: file [D:\jinpe\source\spring-framework\integration-tests\build\classes\java\test\org\springframework\context\annotation\jsr330\ClassPathBeanDefinitionScannerJsr330ScopeIntegrationTests$SessionScopedTestBean.class]
17:06:00.494 [Test worker] DEBUG o.s.c.a.ClassPathBeanDefinitionScanner - Identified candidate component class: file [D:\jinpe\source\spring-framework\integration-tests\build\classes\java\test\org\springframework\context\annotation\jsr330\ClassPathBeanDefinitionScannerJsr330ScopeIntegrationTests$SingletonScopedTestBean.class]
17:06:00.495 [Test worker] DEBUG o.s.c.a.ClassPathBeanDefinitionScanner - Identified candidate component class: file [D:\jinpe\source\spring-framework\integration-tests\build\classes\java\test\org\springframework\context\annotation\jsr330\ClassPathBeanDefinitionScannerJsr330ScopeIntegrationTests$PrototypeScopedTestBean.class]
17:06:00.495 [Test worker] DEBUG o.s.c.a.ClassPathBeanDefinitionScanner - Identified candidate component class: file [D:\jinpe\source\spring-framework\integration-tests\build\classes\java\test\org\springframework\context\annotation\jsr330\ClassPathBeanDefinitionScannerJsr330ScopeIntegrationTests$RequestScopedTestBean.class]
17:06:00.495 [Test worker] DEBUG o.s.c.a.ClassPathBeanDefinitionScanner - Identified candidate component class: file [D:\jinpe\source\spring-framework\integration-tests\build\classes\java\test\org\springframework\context\annotation\jsr330\ClassPathBeanDefinitionScannerJsr330ScopeIntegrationTests$SessionScopedTestBean.class]
17:06:00.496 [Test worker] DEBUG o.s.c.a.ClassPathBeanDefinitionScanner - Identified candidate component class: file [D:\jinpe\source\spring-framework\integration-tests\build\classes\java\test\org\springframework\context\annotation\jsr330\ClassPathBeanDefinitionScannerJsr330ScopeIntegrationTests$SingletonScopedTestBean.class]
17:06:00.496 [Test worker] DEBUG o.s.w.c.s.GenericWebApplicationContext - Refreshing org.springframework.web.context.support.GenericWebApplicationContext@1282d3c3
17:06:00.496 [Test worker] DEBUG o.s.u.c.s.UiApplicationContextUtils - Unable to locate ThemeSource with name 'themeSource': using default [org.springframework.ui.context.support.ResourceBundleThemeSource@49a505c9]
17:06:00.496 [Test worker] DEBUG o.s.b.f.s.DefaultListableBeanFactory - Creating shared instance of singleton bean 'request'
17:06:00.496 [Test worker] DEBUG o.s.b.f.s.DefaultListableBeanFactory - Creating shared instance of singleton bean 'classPathBeanDefinitionScannerJsr330ScopeIntegrationTests.SessionScopedTestBean'
17:06:00.496 [Test worker] DEBUG o.s.b.f.s.DefaultListableBeanFactory - Creating shared instance of singleton bean 'singleton'
17:06:00.499 [Test worker] DEBUG o.s.c.a.ClassPathBeanDefinitionScanner - Identified candidate component class: file [D:\jinpe\source\spring-framework\integration-tests\build\classes\java\test\org\springframework\context\annotation\jsr330\ClassPathBeanDefinitionScannerJsr330ScopeIntegrationTests$PrototypeScopedTestBean.class]
17:06:00.501 [Test worker] DEBUG o.s.c.a.ClassPathBeanDefinitionScanner - Identified candidate component class: file [D:\jinpe\source\spring-framework\integration-tests\build\classes\java\test\org\springframework\context\annotation\jsr330\ClassPathBeanDefinitionScannerJsr330ScopeIntegrationTests$RequestScopedTestBean.class]
17:06:00.502 [Test worker] DEBUG o.s.c.a.ClassPathBeanDefinitionScanner - Identified candidate component class: file [D:\jinpe\source\spring-framework\integration-tests\build\classes\java\test\org\springframework\context\annotation\jsr330\ClassPathBeanDefinitionScannerJsr330ScopeIntegrationTests$SessionScopedTestBean.class]
17:06:00.502 [Test worker] DEBUG o.s.c.a.ClassPathBeanDefinitionScanner - Identified candidate component class: file [D:\jinpe\source\spring-framework\integration-tests\build\classes\java\test\org\springframework\context\annotation\jsr330\ClassPathBeanDefinitionScannerJsr330ScopeIntegrationTests$SingletonScopedTestBean.class]
17:06:00.503 [Test worker] DEBUG o.s.c.a.ClassPathBeanDefinitionScanner - Identified candidate component class: file [D:\jinpe\source\spring-framework\integration-tests\build\classes\java\test\org\springframework\context\annotation\jsr330\ClassPathBeanDefinitionScannerJsr330ScopeIntegrationTests$PrototypeScopedTestBean.class]
17:06:00.503 [Test worker] DEBUG o.s.c.a.ClassPathBeanDefinitionScanner - Identified candidate component class: file [D:\jinpe\source\spring-framework\integration-tests\build\classes\java\test\org\springframework\context\annotation\jsr330\ClassPathBeanDefinitionScannerJsr330ScopeIntegrationTests$RequestScopedTestBean.class]
17:06:00.503 [Test worker] DEBUG o.s.c.a.ClassPathBeanDefinitionScanner - Identified candidate component class: file [D:\jinpe\source\spring-framework\integration-tests\build\classes\java\test\org\springframework\context\annotation\jsr330\ClassPathBeanDefinitionScannerJsr330ScopeIntegrationTests$SessionScopedTestBean.class]
17:06:00.503 [Test worker] DEBUG o.s.c.a.ClassPathBeanDefinitionScanner - Identified candidate component class: file [D:\jinpe\source\spring-framework\integration-tests\build\classes\java\test\org\springframework\context\annotation\jsr330\ClassPathBeanDefinitionScannerJsr330ScopeIntegrationTests$SingletonScopedTestBean.class]
17:06:00.504 [Test worker] DEBUG o.s.w.c.s.GenericWebApplicationContext - Refreshing org.springframework.web.context.support.GenericWebApplicationContext@4d3dcbf5
17:06:00.504 [Test worker] DEBUG o.s.u.c.s.UiApplicationContextUtils - Unable to locate ThemeSource with name 'themeSource': using default [org.springframework.ui.context.support.ResourceBundleThemeSource@6a9ad8cb]
17:06:00.504 [Test worker] DEBUG o.s.b.f.s.DefaultListableBeanFactory - Creating shared instance of singleton bean 'request'
17:06:00.504 [Test worker] DEBUG o.s.b.f.s.DefaultListableBeanFactory - Creating shared instance of singleton bean 'classPathBeanDefinitionScannerJsr330ScopeIntegrationTests.SessionScopedTestBean'
17:06:00.504 [Test worker] DEBUG o.s.b.f.s.DefaultListableBeanFactory - Creating shared instance of singleton bean 'singleton'
]]></system-out>
  <system-err><![CDATA[]]></system-err>
</testsuite>
